h100 Job is running on xgpi4, started at Mon Oct 21 07:14:53 PM +08 2024
NVCC info: nvcc: NVIDIA (R) Cuda compiler driver
Copyright (c) 2005-2024 NVIDIA Corporation
Built on Thu_Mar_28_02:18:24_PDT_2024
Cuda compilation tools, release 12.4, V12.4.131
Build cuda_12.4.r12.4/compiler.34097967_0

====> Compiling...


====> 10

Settings:
  FASTA file: test_signatures.fasta
  Number of samples without virus: 2000
  Number of samples with virus: 20
  Number of viruses: minimum 1 to maximum 2
  Requested sample length: minimum 200000 to maximum 200000
  Average Phred score: 10 to 30
  N ratio: 0.1
  Final sample length values: minimum 200000 to maximum 200000 (after reading virus lengths)

====> Bench...

Starting to read sample FASTQ file
Starting to read signature FASTA file
Read 2020 samples and 10 signatures.
Starting timing and matching...
runMatcher completed.
sample_1729509301241609_2: signature_1729509301000521_1 (12.765)
sample_1729509301241609_4: signature_1729509301000521_10 (11.152)
sample_1729509301241609_5: signature_1729509301000521_7 (10.070)
sample_1729509301241609_7: signature_1729509301000521_4 (19.756)
sample_1729509301241609_12: signature_1729509301000521_1 (15.355)
sample_1729509301241609_13: signature_1729509301000521_3 (17.072)
sample_1729509301241609_16: signature_1729509301000521_9 (23.276)
sample_1729509301241609_20: signature_1729509301000521_9 (19.803)
sample_1729509301241609_23: signature_1729509301000521_2 (18.048)
sample_1729509301241609_25: signature_1729509301000521_4 (10.568)
sample_1729509301241609_25: signature_1729509301000521_9 (10.589)
sample_1729509301241609_30: signature_1729509301000521_9 (25.441)
sample_1729509301241609_31: signature_1729509301000521_5 (23.237)
sample_1729509301241609_33: signature_1729509301000521_1 (24.119)
sample_1729509301241609_37: signature_1729509301000521_10 (10.069)
sample_1729509301241609_38: signature_1729509301000521_1 (22.448)
sample_1729509301241609_38: signature_1729509301000521_3 (22.402)
sample_1729509301241609_39: signature_1729509301000521_10 (23.249)
sample_1729509301241609_43: signature_1729509301000521_7 (13.490)
sample_1729509301241609_45: signature_1729509301000521_3 (19.732)
sample_1729509301241609_50: signature_1729509301000521_9 (24.843)
sample_1729509301241609_50: signature_1729509301000521_10 (24.738)
sample_1729509301241609_52: signature_1729509301000521_6 (18.881)
(FOR AUTOMATED CHECKING) Total runMatcher time:0.654726s

====> shared_mod...

Starting to read sample FASTQ file
Starting to read signature FASTA file
Read 2020 samples and 10 signatures.
Starting timing and matching...
runMatcher completed.
sample_1729509301241609_2: signature_1729509301000521_1 (12.765)
sample_1729509301241609_4: signature_1729509301000521_10 (11.152)
sample_1729509301241609_5: signature_1729509301000521_7 (10.070)
sample_1729509301241609_7: signature_1729509301000521_4 (19.756)
sample_1729509301241609_12: signature_1729509301000521_1 (15.355)
sample_1729509301241609_13: signature_1729509301000521_3 (17.072)
sample_1729509301241609_16: signature_1729509301000521_9 (23.276)
sample_1729509301241609_20: signature_1729509301000521_9 (19.803)
sample_1729509301241609_23: signature_1729509301000521_2 (18.048)
sample_1729509301241609_25: signature_1729509301000521_4 (10.568)
sample_1729509301241609_25: signature_1729509301000521_9 (10.589)
sample_1729509301241609_30: signature_1729509301000521_9 (25.441)
sample_1729509301241609_31: signature_1729509301000521_5 (23.237)
sample_1729509301241609_33: signature_1729509301000521_1 (24.119)
sample_1729509301241609_37: signature_1729509301000521_10 (10.068)
sample_1729509301241609_38: signature_1729509301000521_1 (22.448)
sample_1729509301241609_38: signature_1729509301000521_3 (22.402)
sample_1729509301241609_39: signature_1729509301000521_10 (23.249)
sample_1729509301241609_43: signature_1729509301000521_7 (13.490)
sample_1729509301241609_45: signature_1729509301000521_3 (19.732)
sample_1729509301241609_50: signature_1729509301000521_9 (24.843)
sample_1729509301241609_50: signature_1729509301000521_10 (24.738)
sample_1729509301241609_52: signature_1729509301000521_6 (18.881)
(FOR AUTOMATED CHECKING) Total runMatcher time:0.679354s

====> 100

Settings:
  FASTA file: test_signatures.fasta
  Number of samples without virus: 2000
  Number of samples with virus: 20
  Number of viruses: minimum 1 to maximum 2
  Requested sample length: minimum 200000 to maximum 200000
  Average Phred score: 10 to 30
  N ratio: 0.1
  Final sample length values: minimum 200000 to maximum 200000 (after reading virus lengths)

====> Bench...

Starting to read sample FASTQ file
Starting to read signature FASTA file
Read 2020 samples and 100 signatures.
Starting timing and matching...
runMatcher completed.
sample_1729509331682349_1: signature_1729509331352785_30 (17.135)
sample_1729509331682349_3: signature_1729509331352785_22 (18.817)
sample_1729509331682349_9: signature_1729509331352785_47 (10.535)
sample_1729509331682349_13: signature_1729509331352785_47 (16.157)
sample_1729509331682349_13: signature_1729509331352785_92 (16.236)
sample_1729509331682349_14: signature_1729509331352785_9 (23.245)
sample_1729509331682349_16: signature_1729509331352785_95 (12.600)
sample_1729509331682349_17: signature_1729509331352785_84 (17.067)
sample_1729509331682349_18: signature_1729509331352785_84 (20.599)
sample_1729509331682349_20: signature_1729509331352785_99 (19.010)
sample_1729509331682349_22: signature_1729509331352785_57 (15.221)
sample_1729509331682349_22: signature_1729509331352785_91 (15.332)
sample_1729509331682349_23: signature_1729509331352785_30 (15.327)
sample_1729509331682349_25: signature_1729509331352785_98 (21.543)
sample_1729509331682349_26: signature_1729509331352785_8 (17.098)
sample_1729509331682349_26: signature_1729509331352785_20 (17.128)
sample_1729509331682349_27: signature_1729509331352785_84 (22.462)
sample_1729509331682349_28: signature_1729509331352785_60 (24.082)
sample_1729509331682349_29: signature_1729509331352785_8 (15.270)
sample_1729509331682349_29: signature_1729509331352785_82 (15.312)
sample_1729509331682349_35: signature_1729509331352785_18 (24.809)
sample_1729509331682349_39: signature_1729509331352785_36 (26.036)
sample_1729509331682349_39: signature_1729509331352785_62 (25.958)
sample_1729509331682349_47: signature_1729509331352785_38 (11.860)
sample_1729509331682349_48: signature_1729509331352785_6 (10.525)
sample_1729509331682349_48: signature_1729509331352785_13 (10.541)
(FOR AUTOMATED CHECKING) Total runMatcher time:0.911296s

====> shared_mod...

Starting to read sample FASTQ file
Starting to read signature FASTA file
Read 2020 samples and 100 signatures.
Starting timing and matching...
runMatcher completed.
sample_1729509331682349_1: signature_1729509331352785_30 (17.135)
sample_1729509331682349_3: signature_1729509331352785_22 (18.817)
sample_1729509331682349_9: signature_1729509331352785_47 (10.535)
sample_1729509331682349_13: signature_1729509331352785_47 (16.157)
sample_1729509331682349_13: signature_1729509331352785_92 (16.236)
sample_1729509331682349_14: signature_1729509331352785_9 (23.245)
sample_1729509331682349_16: signature_1729509331352785_95 (12.600)
sample_1729509331682349_17: signature_1729509331352785_84 (17.067)
sample_1729509331682349_18: signature_1729509331352785_84 (20.599)
sample_1729509331682349_20: signature_1729509331352785_99 (19.010)
sample_1729509331682349_22: signature_1729509331352785_57 (15.221)
sample_1729509331682349_22: signature_1729509331352785_91 (15.332)
sample_1729509331682349_23: signature_1729509331352785_30 (15.327)
sample_1729509331682349_25: signature_1729509331352785_98 (21.543)
sample_1729509331682349_26: signature_1729509331352785_8 (17.097)
sample_1729509331682349_26: signature_1729509331352785_20 (17.128)
sample_1729509331682349_27: signature_1729509331352785_84 (22.462)
sample_1729509331682349_28: signature_1729509331352785_60 (24.082)
sample_1729509331682349_29: signature_1729509331352785_8 (15.270)
sample_1729509331682349_29: signature_1729509331352785_82 (15.312)
sample_1729509331682349_35: signature_1729509331352785_18 (24.809)
sample_1729509331682349_39: signature_1729509331352785_36 (26.036)
sample_1729509331682349_39: signature_1729509331352785_62 (25.958)
sample_1729509331682349_47: signature_1729509331352785_38 (11.860)
sample_1729509331682349_48: signature_1729509331352785_6 (10.525)
sample_1729509331682349_48: signature_1729509331352785_13 (10.541)
(FOR AUTOMATED CHECKING) Total runMatcher time:0.781087s

====> 500

Settings:
  FASTA file: test_signatures.fasta
  Number of samples without virus: 2000
  Number of samples with virus: 20
  Number of viruses: minimum 1 to maximum 2
  Requested sample length: minimum 200000 to maximum 200000
  Average Phred score: 10 to 30
  N ratio: 0.1
  Final sample length values: minimum 200000 to maximum 200000 (after reading virus lengths)

====> Bench...

Starting to read sample FASTQ file
Starting to read signature FASTA file
Read 2020 samples and 500 signatures.
Starting timing and matching...
runMatcher completed.
sample_1729509362099577_4: signature_1729509361624096_33 (10.119)
sample_1729509362099577_6: signature_1729509361624096_412 (14.354)
sample_1729509362099577_6: signature_1729509361624096_486 (14.445)
sample_1729509362099577_7: signature_1729509361624096_281 (21.540)
sample_1729509362099577_9: signature_1729509361624096_25 (10.068)
sample_1729509362099577_10: signature_1729509361624096_419 (19.881)
sample_1729509362099577_11: signature_1729509361624096_466 (25.606)
sample_1729509362099577_14: signature_1729509361624096_209 (21.562)
sample_1729509362099577_17: signature_1729509361624096_126 (10.061)
sample_1729509362099577_17: signature_1729509361624096_151 (10.052)
sample_1729509362099577_20: signature_1729509361624096_279 (10.077)
sample_1729509362099577_27: signature_1729509361624096_291 (24.104)
sample_1729509362099577_29: signature_1729509361624096_28 (13.624)
sample_1729509362099577_34: signature_1729509361624096_205 (11.949)
sample_1729509362099577_36: signature_1729509361624096_3 (24.096)
sample_1729509362099577_39: signature_1729509361624096_58 (17.870)
sample_1729509362099577_39: signature_1729509361624096_202 (18.034)
sample_1729509362099577_41: signature_1729509361624096_76 (16.232)
sample_1729509362099577_42: signature_1729509361624096_318 (15.287)
sample_1729509362099577_42: signature_1729509361624096_493 (15.301)
sample_1729509362099577_43: signature_1729509361624096_216 (18.875)
sample_1729509362099577_48: signature_1729509361624096_482 (16.281)
sample_1729509362099577_49: signature_1729509361624096_87 (17.957)
sample_1729509362099577_54: signature_1729509361624096_182 (10.134)
sample_1729509362099577_54: signature_1729509361624096_451 (10.130)
(FOR AUTOMATED CHECKING) Total runMatcher time:2.09712s

====> shared_mod...

Starting to read sample FASTQ file
Starting to read signature FASTA file
Read 2020 samples and 500 signatures.
Starting timing and matching...
runMatcher completed.
sample_1729509362099577_4: signature_1729509361624096_33 (10.119)
sample_1729509362099577_6: signature_1729509361624096_412 (14.354)
sample_1729509362099577_6: signature_1729509361624096_486 (14.446)
sample_1729509362099577_7: signature_1729509361624096_281 (21.540)
sample_1729509362099577_9: signature_1729509361624096_25 (10.068)
sample_1729509362099577_10: signature_1729509361624096_419 (19.882)
sample_1729509362099577_11: signature_1729509361624096_466 (25.606)
sample_1729509362099577_14: signature_1729509361624096_209 (21.562)
sample_1729509362099577_17: signature_1729509361624096_126 (10.061)
sample_1729509362099577_17: signature_1729509361624096_151 (10.052)
sample_1729509362099577_20: signature_1729509361624096_279 (10.077)
sample_1729509362099577_27: signature_1729509361624096_291 (24.104)
sample_1729509362099577_29: signature_1729509361624096_28 (13.624)
sample_1729509362099577_34: signature_1729509361624096_205 (11.949)
sample_1729509362099577_36: signature_1729509361624096_3 (24.096)
sample_1729509362099577_39: signature_1729509361624096_58 (17.870)
sample_1729509362099577_39: signature_1729509361624096_202 (18.034)
sample_1729509362099577_41: signature_1729509361624096_76 (16.232)
sample_1729509362099577_42: signature_1729509361624096_318 (15.287)
sample_1729509362099577_42: signature_1729509361624096_493 (15.301)
sample_1729509362099577_43: signature_1729509361624096_216 (18.875)
sample_1729509362099577_48: signature_1729509361624096_482 (16.281)
sample_1729509362099577_49: signature_1729509361624096_87 (17.957)
sample_1729509362099577_54: signature_1729509361624096_182 (10.134)
sample_1729509362099577_54: signature_1729509361624096_451 (10.130)
(FOR AUTOMATED CHECKING) Total runMatcher time:1.37961s

====> 750

Settings:
  FASTA file: test_signatures.fasta
  Number of samples without virus: 2000
  Number of samples with virus: 20
  Number of viruses: minimum 1 to maximum 2
  Requested sample length: minimum 200000 to maximum 200000
  Average Phred score: 10 to 30
  N ratio: 0.1
  Final sample length values: minimum 200000 to maximum 200000 (after reading virus lengths)

====> Bench...

Starting to read sample FASTQ file
Starting to read signature FASTA file
Read 2020 samples and 750 signatures.
Starting timing and matching...
runMatcher completed.
sample_1729509399700652_1: signature_1729509399169142_531 (18.887)
sample_1729509399700652_3: signature_1729509399169142_295 (17.914)
sample_1729509399700652_5: signature_1729509399169142_254 (19.733)
sample_1729509399700652_6: signature_1729509399169142_727 (17.065)
sample_1729509399700652_7: signature_1729509399169142_282 (11.116)
sample_1729509399700652_10: signature_1729509399169142_369 (22.613)
sample_1729509399700652_12: signature_1729509399169142_51 (24.698)
sample_1729509399700652_12: signature_1729509399169142_750 (24.799)
sample_1729509399700652_13: signature_1729509399169142_345 (10.068)
sample_1729509399700652_14: signature_1729509399169142_360 (17.136)
sample_1729509399700652_14: signature_1729509399169142_667 (17.186)
sample_1729509399700652_15: signature_1729509399169142_99 (11.183)
sample_1729509399700652_26: signature_1729509399169142_85 (11.177)
sample_1729509399700652_27: signature_1729509399169142_193 (16.208)
sample_1729509399700652_28: signature_1729509399169142_621 (24.080)
sample_1729509399700652_30: signature_1729509399169142_278 (10.574)
sample_1729509399700652_31: signature_1729509399169142_215 (24.815)
sample_1729509399700652_35: signature_1729509399169142_95 (25.937)
sample_1729509399700652_40: signature_1729509399169142_171 (10.123)
sample_1729509399700652_40: signature_1729509399169142_722 (10.156)
sample_1729509399700652_41: signature_1729509399169142_661 (25.370)
sample_1729509399700652_44: signature_1729509399169142_68 (22.460)
sample_1729509399700652_46: signature_1729509399169142_1 (10.061)
sample_1729509399700652_46: signature_1729509399169142_671 (10.116)
(FOR AUTOMATED CHECKING) Total runMatcher time:2.9287s

====> shared_mod...

Starting to read sample FASTQ file
Starting to read signature FASTA file
Read 2020 samples and 750 signatures.
Starting timing and matching...
runMatcher completed.
sample_1729509399700652_1: signature_1729509399169142_531 (18.887)
sample_1729509399700652_3: signature_1729509399169142_295 (17.914)
sample_1729509399700652_5: signature_1729509399169142_254 (19.733)
sample_1729509399700652_6: signature_1729509399169142_727 (17.065)
sample_1729509399700652_7: signature_1729509399169142_282 (11.116)
sample_1729509399700652_10: signature_1729509399169142_369 (22.613)
sample_1729509399700652_12: signature_1729509399169142_51 (24.698)
sample_1729509399700652_12: signature_1729509399169142_750 (24.799)
sample_1729509399700652_13: signature_1729509399169142_345 (10.068)
sample_1729509399700652_14: signature_1729509399169142_360 (17.136)
sample_1729509399700652_14: signature_1729509399169142_667 (17.186)
sample_1729509399700652_15: signature_1729509399169142_99 (11.183)
sample_1729509399700652_26: signature_1729509399169142_85 (11.177)
sample_1729509399700652_27: signature_1729509399169142_193 (16.208)
sample_1729509399700652_28: signature_1729509399169142_621 (24.080)
sample_1729509399700652_30: signature_1729509399169142_278 (10.574)
sample_1729509399700652_31: signature_1729509399169142_215 (24.815)
sample_1729509399700652_35: signature_1729509399169142_95 (25.937)
sample_1729509399700652_40: signature_1729509399169142_171 (10.123)
sample_1729509399700652_40: signature_1729509399169142_722 (10.156)
sample_1729509399700652_41: signature_1729509399169142_661 (25.371)
sample_1729509399700652_44: signature_1729509399169142_68 (22.460)
sample_1729509399700652_46: signature_1729509399169142_1 (10.061)
sample_1729509399700652_46: signature_1729509399169142_671 (10.116)
(FOR AUTOMATED CHECKING) Total runMatcher time:1.68933s

====> 1000

Settings:
  FASTA file: test_signatures.fasta
  Number of samples without virus: 2000
  Number of samples with virus: 20
  Number of viruses: minimum 1 to maximum 2
  Requested sample length: minimum 200000 to maximum 200000
  Average Phred score: 10 to 30
  N ratio: 0.1
  Final sample length values: minimum 200000 to maximum 200000 (after reading virus lengths)

====> Bench...

Starting to read sample FASTQ file
Starting to read signature FASTA file
Read 2020 samples and 1000 signatures.
Starting timing and matching...
runMatcher completed.
sample_1729509428476623_1: signature_1729509427785352_168 (17.120)
sample_1729509428476623_5: signature_1729509427785352_176 (25.907)
sample_1729509428476623_5: signature_1729509427785352_369 (26.064)
sample_1729509428476623_6: signature_1729509427785352_789 (10.049)
sample_1729509428476623_7: signature_1729509427785352_271 (24.060)
sample_1729509428476623_8: signature_1729509427785352_520 (17.128)
sample_1729509428476623_9: signature_1729509427785352_697 (10.062)
sample_1729509428476623_12: signature_1729509427785352_55 (16.201)
sample_1729509428476623_12: signature_1729509427785352_553 (16.196)
sample_1729509428476623_14: signature_1729509427785352_122 (10.578)
sample_1729509428476623_14: signature_1729509427785352_293 (10.598)
sample_1729509428476623_15: signature_1729509427785352_886 (19.795)
sample_1729509428476623_20: signature_1729509427785352_880 (20.644)
sample_1729509428476623_21: signature_1729509427785352_751 (24.872)
sample_1729509428476623_22: signature_1729509427785352_319 (15.358)
sample_1729509428476623_23: signature_1729509427785352_670 (19.740)
sample_1729509428476623_24: signature_1729509427785352_10 (11.188)
sample_1729509428476623_28: signature_1729509427785352_36 (24.866)
sample_1729509428476623_28: signature_1729509427785352_658 (24.778)
sample_1729509428476623_30: signature_1729509427785352_833 (25.503)
sample_1729509428476623_31: signature_1729509427785352_36 (22.430)
sample_1729509428476623_32: signature_1729509427785352_102 (18.784)
sample_1729509428476623_34: signature_1729509427785352_142 (24.029)
sample_1729509428476623_34: signature_1729509427785352_721 (24.046)
sample_1729509428476623_35: signature_1729509427785352_83 (10.677)
(FOR AUTOMATED CHECKING) Total runMatcher time:3.75577s

====> shared_mod...

Starting to read sample FASTQ file
Starting to read signature FASTA file
Read 2020 samples and 1000 signatures.
Starting timing and matching...
runMatcher completed.
sample_1729509428476623_1: signature_1729509427785352_168 (17.120)
sample_1729509428476623_5: signature_1729509427785352_176 (25.907)
sample_1729509428476623_5: signature_1729509427785352_369 (26.064)
sample_1729509428476623_6: signature_1729509427785352_789 (10.049)
sample_1729509428476623_7: signature_1729509427785352_271 (24.060)
sample_1729509428476623_8: signature_1729509427785352_520 (17.128)
sample_1729509428476623_9: signature_1729509427785352_697 (10.062)
sample_1729509428476623_12: signature_1729509427785352_55 (16.201)
sample_1729509428476623_12: signature_1729509427785352_553 (16.196)
sample_1729509428476623_14: signature_1729509427785352_122 (10.578)
sample_1729509428476623_14: signature_1729509427785352_293 (10.598)
sample_1729509428476623_15: signature_1729509427785352_886 (19.795)
sample_1729509428476623_20: signature_1729509427785352_880 (20.644)
sample_1729509428476623_21: signature_1729509427785352_751 (24.872)
sample_1729509428476623_22: signature_1729509427785352_319 (15.358)
sample_1729509428476623_23: signature_1729509427785352_670 (19.740)
sample_1729509428476623_24: signature_1729509427785352_10 (11.188)
sample_1729509428476623_28: signature_1729509427785352_36 (24.866)
sample_1729509428476623_28: signature_1729509427785352_658 (24.778)
sample_1729509428476623_30: signature_1729509427785352_833 (25.503)
sample_1729509428476623_31: signature_1729509427785352_36 (22.430)
sample_1729509428476623_32: signature_1729509427785352_102 (18.784)
sample_1729509428476623_34: signature_1729509427785352_142 (24.029)
sample_1729509428476623_34: signature_1729509427785352_721 (24.046)
sample_1729509428476623_35: signature_1729509427785352_83 (10.677)
(FOR AUTOMATED CHECKING) Total runMatcher time:2.0343s

====> 5000

Settings:
  FASTA file: test_signatures.fasta
  Number of samples without virus: 2000
  Number of samples with virus: 20
  Number of viruses: minimum 1 to maximum 2
  Requested sample length: minimum 200000 to maximum 200000
  Average Phred score: 10 to 30
  N ratio: 0.1
  Final sample length values: minimum 200000 to maximum 200000 (after reading virus lengths)

====> Bench...

Starting to read sample FASTQ file
Starting to read signature FASTA file
Read 2020 samples and 10 signatures.
Starting timing and matching...
runMatcher completed.
(FOR AUTOMATED CHECKING) Total runMatcher time:0.707145s

====> shared_mod...

Starting to read sample FASTQ file
Starting to read signature FASTA file
Read 2020 samples and 10 signatures.
Starting timing and matching...
Kernel launch failed: named symbol not found
runMatcher completed.
(FOR AUTOMATED CHECKING) Total runMatcher time:0.751254s

====> 10000

Settings:
  FASTA file: test_signatures.fasta
  Number of samples without virus: 2000
  Number of samples with virus: 20
  Number of viruses: minimum 1 to maximum 2
  Requested sample length: minimum 200000 to maximum 200000
  Average Phred score: 10 to 30
  N ratio: 0.1
  Final sample length values: minimum 200000 to maximum 200000 (after reading virus lengths)

====> Bench...

Starting to read sample FASTQ file
Starting to read signature FASTA file
Read 2020 samples and 100 signatures.
Starting timing and matching...
runMatcher completed.
(FOR AUTOMATED CHECKING) Total runMatcher time:0.954731s

====> shared_mod...

Starting to read sample FASTQ file
Starting to read signature FASTA file
Read 2020 samples and 100 signatures.
Starting timing and matching...
Kernel launch failed: named symbol not found
runMatcher completed.
(FOR AUTOMATED CHECKING) Total runMatcher time:0.639615s

====> Finished...

