a100 Job is running on xgph16, started at Mon Oct 21 07:30:18 PM +08 2024
NVCC info: nvcc: NVIDIA (R) Cuda compiler driver
Copyright (c) 2005-2024 NVIDIA Corporation
Built on Thu_Mar_28_02:18:24_PDT_2024
Cuda compilation tools, release 12.4, V12.4.131
Build cuda_12.4.r12.4/compiler.34097967_0

====> Compiling...


====> 10

Settings:
  FASTA file: test_signatures.fasta
  Number of samples without virus: 2000
  Number of samples with virus: 20
  Number of viruses: minimum 1 to maximum 2
  Requested sample length: minimum 200000 to maximum 200000
  Average Phred score: 10 to 30
  N ratio: 0.1
  Final sample length values: minimum 200000 to maximum 200000 (after reading virus lengths)

====> Bench...

Starting to read sample FASTQ file
Starting to read signature FASTA file
Read 2020 samples and 10 signatures.
Starting timing and matching...
runMatcher completed.
sample_1729510226722294_4: signature_1729510226486412_2 (24.768)
sample_1729510226722294_4: signature_1729510226486412_6 (24.949)
sample_1729510226722294_5: signature_1729510226486412_5 (12.676)
sample_1729510226722294_6: signature_1729510226486412_9 (21.558)
sample_1729510226722294_7: signature_1729510226486412_2 (19.779)
sample_1729510226722294_9: signature_1729510226486412_4 (17.954)
sample_1729510226722294_9: signature_1729510226486412_9 (17.993)
sample_1729510226722294_11: signature_1729510226486412_9 (14.411)
sample_1729510226722294_14: signature_1729510226486412_3 (21.725)
sample_1729510226722294_14: signature_1729510226486412_6 (21.710)
sample_1729510226722294_22: signature_1729510226486412_5 (20.629)
sample_1729510226722294_23: signature_1729510226486412_2 (12.707)
sample_1729510226722294_25: signature_1729510226486412_8 (20.669)
sample_1729510226722294_27: signature_1729510226486412_3 (17.207)
sample_1729510226722294_28: signature_1729510226486412_2 (25.893)
sample_1729510226722294_28: signature_1729510226486412_10 (25.985)
sample_1729510226722294_30: signature_1729510226486412_2 (11.933)
sample_1729510226722294_32: signature_1729510226486412_10 (19.851)
sample_1729510226722294_34: signature_1729510226486412_6 (18.104)
sample_1729510226722294_39: signature_1729510226486412_6 (11.246)
sample_1729510226722294_39: signature_1729510226486412_8 (11.209)
sample_1729510226722294_41: signature_1729510226486412_4 (20.616)
sample_1729510226722294_41: signature_1729510226486412_6 (20.820)
sample_1729510226722294_44: signature_1729510226486412_5 (19.781)
sample_1729510226722294_44: signature_1729510226486412_6 (19.929)
sample_1729510226722294_45: signature_1729510226486412_6 (19.910)
sample_1729510226722294_47: signature_1729510226486412_6 (11.286)
(FOR AUTOMATED CHECKING) Total runMatcher time:0.834291s

====> shared_mod...

Starting to read sample FASTQ file
Starting to read signature FASTA file
Read 2020 samples and 10 signatures.
Starting timing and matching...
runMatcher completed.
sample_1729510226722294_4: signature_1729510226486412_2 (24.768)
sample_1729510226722294_4: signature_1729510226486412_6 (24.949)
sample_1729510226722294_5: signature_1729510226486412_5 (12.676)
sample_1729510226722294_6: signature_1729510226486412_9 (21.558)
sample_1729510226722294_7: signature_1729510226486412_2 (19.779)
sample_1729510226722294_9: signature_1729510226486412_4 (17.954)
sample_1729510226722294_9: signature_1729510226486412_9 (17.993)
sample_1729510226722294_11: signature_1729510226486412_9 (14.411)
sample_1729510226722294_14: signature_1729510226486412_3 (21.725)
sample_1729510226722294_14: signature_1729510226486412_6 (21.710)
sample_1729510226722294_22: signature_1729510226486412_5 (20.629)
sample_1729510226722294_23: signature_1729510226486412_2 (12.707)
sample_1729510226722294_25: signature_1729510226486412_8 (20.669)
sample_1729510226722294_27: signature_1729510226486412_3 (17.207)
sample_1729510226722294_28: signature_1729510226486412_2 (25.893)
sample_1729510226722294_28: signature_1729510226486412_10 (25.985)
sample_1729510226722294_30: signature_1729510226486412_2 (11.933)
sample_1729510226722294_32: signature_1729510226486412_10 (19.851)
sample_1729510226722294_34: signature_1729510226486412_6 (18.104)
sample_1729510226722294_39: signature_1729510226486412_6 (11.246)
sample_1729510226722294_39: signature_1729510226486412_8 (11.208)
sample_1729510226722294_41: signature_1729510226486412_4 (20.616)
sample_1729510226722294_41: signature_1729510226486412_6 (20.820)
sample_1729510226722294_44: signature_1729510226486412_5 (19.781)
sample_1729510226722294_44: signature_1729510226486412_6 (19.929)
sample_1729510226722294_45: signature_1729510226486412_6 (19.910)
sample_1729510226722294_47: signature_1729510226486412_6 (11.286)
(FOR AUTOMATED CHECKING) Total runMatcher time:0.757739s

====> 100

Settings:
  FASTA file: test_signatures.fasta
  Number of samples without virus: 2000
  Number of samples with virus: 20
  Number of viruses: minimum 1 to maximum 2
  Requested sample length: minimum 200000 to maximum 200000
  Average Phred score: 10 to 30
  N ratio: 0.1
  Final sample length values: minimum 200000 to maximum 200000 (after reading virus lengths)

====> Bench...

Starting to read sample FASTQ file
Starting to read signature FASTA file
Read 2020 samples and 100 signatures.
Starting timing and matching...
runMatcher completed.
sample_1729510263617029_1: signature_1729510263298003_41 (11.211)
sample_1729510263617029_2: signature_1729510263298003_77 (18.869)
sample_1729510263617029_3: signature_1729510263298003_7 (24.884)
sample_1729510263617029_4: signature_1729510263298003_2 (11.187)
sample_1729510263617029_5: signature_1729510263298003_88 (22.443)
sample_1729510263617029_6: signature_1729510263298003_88 (17.163)
sample_1729510263617029_8: signature_1729510263298003_60 (11.268)
sample_1729510263617029_11: signature_1729510263298003_16 (18.808)
sample_1729510263617029_11: signature_1729510263298003_69 (18.952)
sample_1729510263617029_19: signature_1729510263298003_42 (25.849)
sample_1729510263617029_19: signature_1729510263298003_88 (25.934)
sample_1729510263617029_20: signature_1729510263298003_69 (10.086)
sample_1729510263617029_21: signature_1729510263298003_10 (10.133)
sample_1729510263617029_23: signature_1729510263298003_58 (13.542)
sample_1729510263617029_24: signature_1729510263298003_82 (13.533)
sample_1729510263617029_24: signature_1729510263298003_100 (13.630)
sample_1729510263617029_27: signature_1729510263298003_26 (19.765)
sample_1729510263617029_29: signature_1729510263298003_49 (12.719)
sample_1729510263617029_30: signature_1729510263298003_10 (12.844)
sample_1729510263617029_30: signature_1729510263298003_14 (12.720)
sample_1729510263617029_34: signature_1729510263298003_5 (11.970)
sample_1729510263617029_34: signature_1729510263298003_47 (12.015)
sample_1729510263617029_35: signature_1729510263298003_36 (17.070)
sample_1729510263617029_35: signature_1729510263298003_49 (17.074)
sample_1729510263617029_37: signature_1729510263298003_24 (17.046)
sample_1729510263617029_38: signature_1729510263298003_20 (18.901)
(FOR AUTOMATED CHECKING) Total runMatcher time:1.90163s

====> shared_mod...

Starting to read sample FASTQ file
Starting to read signature FASTA file
Read 2020 samples and 100 signatures.
Starting timing and matching...
runMatcher completed.
sample_1729510263617029_1: signature_1729510263298003_41 (11.211)
sample_1729510263617029_2: signature_1729510263298003_77 (18.869)
sample_1729510263617029_3: signature_1729510263298003_7 (24.884)
sample_1729510263617029_4: signature_1729510263298003_2 (11.187)
sample_1729510263617029_5: signature_1729510263298003_88 (22.443)
sample_1729510263617029_6: signature_1729510263298003_88 (17.163)
sample_1729510263617029_8: signature_1729510263298003_60 (11.267)
sample_1729510263617029_11: signature_1729510263298003_16 (18.808)
sample_1729510263617029_11: signature_1729510263298003_69 (18.952)
sample_1729510263617029_19: signature_1729510263298003_42 (25.849)
sample_1729510263617029_19: signature_1729510263298003_88 (25.934)
sample_1729510263617029_20: signature_1729510263298003_69 (10.086)
sample_1729510263617029_21: signature_1729510263298003_10 (10.133)
sample_1729510263617029_23: signature_1729510263298003_58 (13.542)
sample_1729510263617029_24: signature_1729510263298003_82 (13.533)
sample_1729510263617029_24: signature_1729510263298003_100 (13.630)
sample_1729510263617029_27: signature_1729510263298003_26 (19.765)
sample_1729510263617029_29: signature_1729510263298003_49 (12.719)
sample_1729510263617029_30: signature_1729510263298003_10 (12.844)
sample_1729510263617029_30: signature_1729510263298003_14 (12.719)
sample_1729510263617029_34: signature_1729510263298003_5 (11.970)
sample_1729510263617029_34: signature_1729510263298003_47 (12.015)
sample_1729510263617029_35: signature_1729510263298003_36 (17.070)
sample_1729510263617029_35: signature_1729510263298003_49 (17.074)
sample_1729510263617029_37: signature_1729510263298003_24 (17.046)
sample_1729510263617029_38: signature_1729510263298003_20 (18.901)
(FOR AUTOMATED CHECKING) Total runMatcher time:1.40758s

====> 500

Settings:
  FASTA file: test_signatures.fasta
  Number of samples without virus: 2000
  Number of samples with virus: 20
  Number of viruses: minimum 1 to maximum 2
  Requested sample length: minimum 200000 to maximum 200000
  Average Phred score: 10 to 30
  N ratio: 0.1
  Final sample length values: minimum 200000 to maximum 200000 (after reading virus lengths)

====> Bench...

Starting to read sample FASTQ file
Starting to read signature FASTA file
Read 2020 samples and 500 signatures.
Starting timing and matching...
runMatcher completed.
sample_1729510301440559_5: signature_1729510300953417_162 (25.502)
sample_1729510301440559_5: signature_1729510300953417_332 (25.304)
sample_1729510301440559_6: signature_1729510300953417_208 (20.614)
sample_1729510301440559_9: signature_1729510300953417_416 (16.169)
sample_1729510301440559_10: signature_1729510300953417_10 (25.538)
sample_1729510301440559_12: signature_1729510300953417_127 (11.116)
sample_1729510301440559_14: signature_1729510300953417_288 (20.704)
sample_1729510301440559_15: signature_1729510300953417_8 (12.738)
sample_1729510301440559_15: signature_1729510300953417_105 (12.715)
sample_1729510301440559_18: signature_1729510300953417_272 (22.506)
sample_1729510301440559_19: signature_1729510300953417_243 (25.366)
sample_1729510301440559_20: signature_1729510300953417_181 (18.973)
sample_1729510301440559_20: signature_1729510300953417_424 (18.933)
sample_1729510301440559_21: signature_1729510300953417_46 (22.427)
sample_1729510301440559_22: signature_1729510300953417_342 (23.973)
sample_1729510301440559_22: signature_1729510300953417_421 (24.079)
sample_1729510301440559_24: signature_1729510300953417_412 (18.965)
sample_1729510301440559_25: signature_1729510300953417_214 (10.112)
sample_1729510301440559_26: signature_1729510300953417_73 (17.989)
sample_1729510301440559_31: signature_1729510300953417_8 (18.931)
sample_1729510301440559_32: signature_1729510300953417_415 (25.454)
sample_1729510301440559_34: signature_1729510300953417_343 (23.412)
sample_1729510301440559_37: signature_1729510300953417_121 (20.626)
sample_1729510301440559_38: signature_1729510300953417_337 (19.690)
(FOR AUTOMATED CHECKING) Total runMatcher time:6.89602s

====> shared_mod...

Starting to read sample FASTQ file
Starting to read signature FASTA file
Read 2020 samples and 500 signatures.
Starting timing and matching...
runMatcher completed.
sample_1729510301440559_5: signature_1729510300953417_162 (25.502)
sample_1729510301440559_5: signature_1729510300953417_332 (25.304)
sample_1729510301440559_6: signature_1729510300953417_208 (20.614)
sample_1729510301440559_9: signature_1729510300953417_416 (16.169)
sample_1729510301440559_10: signature_1729510300953417_10 (25.538)
sample_1729510301440559_12: signature_1729510300953417_127 (11.116)
sample_1729510301440559_14: signature_1729510300953417_288 (20.704)
sample_1729510301440559_15: signature_1729510300953417_8 (12.738)
sample_1729510301440559_15: signature_1729510300953417_105 (12.715)
sample_1729510301440559_18: signature_1729510300953417_272 (22.506)
sample_1729510301440559_19: signature_1729510300953417_243 (25.366)
sample_1729510301440559_20: signature_1729510300953417_181 (18.973)
sample_1729510301440559_20: signature_1729510300953417_424 (18.933)
sample_1729510301440559_21: signature_1729510300953417_46 (22.427)
sample_1729510301440559_22: signature_1729510300953417_342 (23.972)
sample_1729510301440559_22: signature_1729510300953417_421 (24.079)
sample_1729510301440559_24: signature_1729510300953417_412 (18.965)
sample_1729510301440559_25: signature_1729510300953417_214 (10.112)
sample_1729510301440559_26: signature_1729510300953417_73 (17.989)
sample_1729510301440559_31: signature_1729510300953417_8 (18.931)
sample_1729510301440559_32: signature_1729510300953417_415 (25.454)
sample_1729510301440559_34: signature_1729510300953417_343 (23.412)
sample_1729510301440559_37: signature_1729510300953417_121 (20.626)
sample_1729510301440559_38: signature_1729510300953417_337 (19.690)
(FOR AUTOMATED CHECKING) Total runMatcher time:3.59549s

====> 750

Settings:
  FASTA file: test_signatures.fasta
  Number of samples without virus: 2000
  Number of samples with virus: 20
  Number of viruses: minimum 1 to maximum 2
  Requested sample length: minimum 200000 to maximum 200000
  Average Phred score: 10 to 30
  N ratio: 0.1
  Final sample length values: minimum 200000 to maximum 200000 (after reading virus lengths)

====> Bench...

Starting to read sample FASTQ file
Starting to read signature FASTA file
Read 2020 samples and 750 signatures.
Starting timing and matching...
runMatcher completed.
sample_1729510353880973_1: signature_1729510353265785_605 (17.078)
sample_1729510353880973_5: signature_1729510353265785_670 (17.961)
sample_1729510353880973_6: signature_1729510353265785_111 (10.042)
sample_1729510353880973_6: signature_1729510353265785_357 (10.134)
sample_1729510353880973_7: signature_1729510353265785_388 (17.080)
sample_1729510353880973_13: signature_1729510353265785_211 (17.961)
sample_1729510353880973_13: signature_1729510353265785_226 (18.030)
sample_1729510353880973_15: signature_1729510353265785_130 (15.398)
sample_1729510353880973_16: signature_1729510353265785_482 (23.363)
sample_1729510353880973_17: signature_1729510353265785_145 (10.083)
sample_1729510353880973_18: signature_1729510353265785_496 (17.869)
sample_1729510353880973_18: signature_1729510353265785_675 (18.033)
sample_1729510353880973_20: signature_1729510353265785_643 (10.570)
sample_1729510353880973_23: signature_1729510353265785_616 (11.926)
sample_1729510353880973_25: signature_1729510353265785_458 (12.009)
sample_1729510353880973_29: signature_1729510353265785_46 (17.036)
sample_1729510353880973_30: signature_1729510353265785_177 (11.130)
sample_1729510353880973_31: signature_1729510353265785_217 (21.570)
sample_1729510353880973_31: signature_1729510353265785_431 (21.665)
sample_1729510353880973_34: signature_1729510353265785_231 (20.789)
sample_1729510353880973_34: signature_1729510353265785_653 (20.790)
sample_1729510353880973_39: signature_1729510353265785_152 (10.704)
sample_1729510353880973_39: signature_1729510353265785_718 (10.616)
sample_1729510353880973_40: signature_1729510353265785_384 (18.980)
sample_1729510353880973_42: signature_1729510353265785_568 (13.519)
sample_1729510353880973_47: signature_1729510353265785_158 (18.843)
sample_1729510353880973_47: signature_1729510353265785_419 (18.971)
(FOR AUTOMATED CHECKING) Total runMatcher time:10.1595s

====> shared_mod...

Starting to read sample FASTQ file
Starting to read signature FASTA file
Read 2020 samples and 750 signatures.
Starting timing and matching...
runMatcher completed.
sample_1729510353880973_1: signature_1729510353265785_605 (17.078)
sample_1729510353880973_5: signature_1729510353265785_670 (17.961)
sample_1729510353880973_6: signature_1729510353265785_111 (10.042)
sample_1729510353880973_6: signature_1729510353265785_357 (10.134)
sample_1729510353880973_7: signature_1729510353265785_388 (17.080)
sample_1729510353880973_13: signature_1729510353265785_211 (17.961)
sample_1729510353880973_13: signature_1729510353265785_226 (18.030)
sample_1729510353880973_15: signature_1729510353265785_130 (15.398)
sample_1729510353880973_16: signature_1729510353265785_482 (23.363)
sample_1729510353880973_17: signature_1729510353265785_145 (10.083)
sample_1729510353880973_18: signature_1729510353265785_496 (17.869)
sample_1729510353880973_18: signature_1729510353265785_675 (18.033)
sample_1729510353880973_20: signature_1729510353265785_643 (10.570)
sample_1729510353880973_23: signature_1729510353265785_616 (11.926)
sample_1729510353880973_25: signature_1729510353265785_458 (12.009)
sample_1729510353880973_29: signature_1729510353265785_46 (17.036)
sample_1729510353880973_30: signature_1729510353265785_177 (11.130)
sample_1729510353880973_31: signature_1729510353265785_217 (21.570)
sample_1729510353880973_31: signature_1729510353265785_431 (21.665)
sample_1729510353880973_34: signature_1729510353265785_231 (20.789)
sample_1729510353880973_34: signature_1729510353265785_653 (20.790)
sample_1729510353880973_39: signature_1729510353265785_152 (10.705)
sample_1729510353880973_39: signature_1729510353265785_718 (10.616)
sample_1729510353880973_40: signature_1729510353265785_384 (18.980)
sample_1729510353880973_42: signature_1729510353265785_568 (13.519)
sample_1729510353880973_47: signature_1729510353265785_158 (18.843)
sample_1729510353880973_47: signature_1729510353265785_419 (18.971)
(FOR AUTOMATED CHECKING) Total runMatcher time:4.91462s

====> 1000

Settings:
  FASTA file: test_signatures.fasta
  Number of samples without virus: 2000
  Number of samples with virus: 20
  Number of viruses: minimum 1 to maximum 2
  Requested sample length: minimum 200000 to maximum 200000
  Average Phred score: 10 to 30
  N ratio: 0.1
  Final sample length values: minimum 200000 to maximum 200000 (after reading virus lengths)

====> Bench...

Starting to read sample FASTQ file
Starting to read signature FASTA file
Read 2020 samples and 1000 signatures.
Starting timing and matching...
runMatcher completed.
sample_1729510409580239_1: signature_1729510408977191_337 (21.575)
sample_1729510409580239_1: signature_1729510408977191_810 (21.599)
sample_1729510409580239_3: signature_1729510408977191_163 (16.209)
sample_1729510409580239_3: signature_1729510408977191_919 (16.112)
sample_1729510409580239_9: signature_1729510408977191_302 (11.232)
sample_1729510409580239_10: signature_1729510408977191_865 (11.934)
sample_1729510409580239_11: signature_1729510408977191_348 (17.028)
sample_1729510409580239_13: signature_1729510408977191_687 (13.499)
sample_1729510409580239_15: signature_1729510408977191_371 (11.889)
sample_1729510409580239_15: signature_1729510408977191_537 (11.999)
sample_1729510409580239_17: signature_1729510408977191_710 (23.356)
sample_1729510409580239_19: signature_1729510408977191_848 (10.069)
sample_1729510409580239_21: signature_1729510408977191_18 (19.851)
sample_1729510409580239_23: signature_1729510408977191_515 (11.128)
sample_1729510409580239_31: signature_1729510408977191_483 (15.257)
sample_1729510409580239_31: signature_1729510408977191_821 (15.371)
sample_1729510409580239_32: signature_1729510408977191_354 (10.590)
sample_1729510409580239_35: signature_1729510408977191_246 (12.635)
sample_1729510409580239_39: signature_1729510408977191_496 (14.346)
sample_1729510409580239_40: signature_1729510408977191_634 (18.860)
sample_1729510409580239_48: signature_1729510408977191_359 (21.479)
sample_1729510409580239_48: signature_1729510408977191_946 (21.673)
sample_1729510409580239_49: signature_1729510408977191_79 (17.860)
sample_1729510409580239_54: signature_1729510408977191_651 (10.613)
sample_1729510409580239_55: signature_1729510408977191_67 (21.491)
(FOR AUTOMATED CHECKING) Total runMatcher time:13.3891s

====> shared_mod...

Starting to read sample FASTQ file
Starting to read signature FASTA file
Read 2020 samples and 1000 signatures.
Starting timing and matching...
runMatcher completed.
sample_1729510409580239_1: signature_1729510408977191_337 (21.575)
sample_1729510409580239_1: signature_1729510408977191_810 (21.599)
sample_1729510409580239_3: signature_1729510408977191_163 (16.209)
sample_1729510409580239_3: signature_1729510408977191_919 (16.112)
sample_1729510409580239_9: signature_1729510408977191_302 (11.231)
sample_1729510409580239_10: signature_1729510408977191_865 (11.934)
sample_1729510409580239_11: signature_1729510408977191_348 (17.028)
sample_1729510409580239_13: signature_1729510408977191_687 (13.499)
sample_1729510409580239_15: signature_1729510408977191_371 (11.889)
sample_1729510409580239_15: signature_1729510408977191_537 (11.999)
sample_1729510409580239_17: signature_1729510408977191_710 (23.356)
sample_1729510409580239_19: signature_1729510408977191_848 (10.069)
sample_1729510409580239_21: signature_1729510408977191_18 (19.851)
sample_1729510409580239_23: signature_1729510408977191_515 (11.128)
sample_1729510409580239_31: signature_1729510408977191_483 (15.257)
sample_1729510409580239_31: signature_1729510408977191_821 (15.371)
sample_1729510409580239_32: signature_1729510408977191_354 (10.590)
sample_1729510409580239_35: signature_1729510408977191_246 (12.635)
sample_1729510409580239_39: signature_1729510408977191_496 (14.346)
sample_1729510409580239_40: signature_1729510408977191_634 (18.861)
sample_1729510409580239_48: signature_1729510408977191_359 (21.479)
sample_1729510409580239_48: signature_1729510408977191_946 (21.673)
sample_1729510409580239_49: signature_1729510408977191_79 (17.861)
sample_1729510409580239_54: signature_1729510408977191_651 (10.613)
sample_1729510409580239_55: signature_1729510408977191_67 (21.491)
(FOR AUTOMATED CHECKING) Total runMatcher time:6.327s

====> Finished...

