a100 Job is running on xgph17, started at Mon Oct 21 08:54:13 PM +08 2024
NVCC info: nvcc: NVIDIA (R) Cuda compiler driver
Copyright (c) 2005-2024 NVIDIA Corporation
Built on Thu_Mar_28_02:18:24_PDT_2024
Cuda compilation tools, release 12.4, V12.4.131
Build cuda_12.4.r12.4/compiler.34097967_0

====> Compiling...


====> 505

Settings:
  FASTA file: test_signatures.fasta
  Number of samples without virus: 500
  Number of samples with virus: 5
  Number of viruses: minimum 1 to maximum 2
  Requested sample length: minimum 200000 to maximum 200000
  Average Phred score: 10 to 30
  N ratio: 0.1
  Final sample length values: minimum 200000 to maximum 200000 (after reading virus lengths)

====> Bench...

Starting to read sample FASTQ file
Starting to read signature FASTA file
Read 505 samples and 500 signatures.
Starting timing and matching...
runMatcher completed.
sample_1729515263344224_1: signature_1729515262421418_131 (18.931)
sample_1729515263344224_4: signature_1729515262421418_132 (17.011)
sample_1729515263344224_5: signature_1729515262421418_472 (10.023)
sample_1729515263344224_6: signature_1729515262421418_4 (21.456)
sample_1729515263344224_7: signature_1729515262421418_325 (17.043)
(FOR AUTOMATED CHECKING) Total runMatcher time:2.0603s

====> shared_mod...

Starting to read sample FASTQ file
Starting to read signature FASTA file
Read 505 samples and 500 signatures.
Starting timing and matching...
runMatcher completed.
sample_1729515263344224_1: signature_1729515262421418_131 (18.931)
sample_1729515263344224_4: signature_1729515262421418_132 (17.011)
sample_1729515263344224_5: signature_1729515262421418_472 (10.023)
sample_1729515263344224_6: signature_1729515262421418_4 (21.456)
sample_1729515263344224_7: signature_1729515262421418_325 (17.043)
(FOR AUTOMATED CHECKING) Total runMatcher time:1.0856s

====> 1010

Settings:
  FASTA file: test_signatures.fasta
  Number of samples without virus: 1000
  Number of samples with virus: 10
  Number of viruses: minimum 1 to maximum 2
  Requested sample length: minimum 200000 to maximum 200000
  Average Phred score: 10 to 30
  N ratio: 0.1
  Final sample length values: minimum 200000 to maximum 200000 (after reading virus lengths)

====> Bench...

Starting to read sample FASTQ file
Starting to read signature FASTA file
Read 1010 samples and 500 signatures.
Starting timing and matching...
runMatcher completed.
sample_1729515276794233_1: signature_1729515262421418_432 (17.115)
sample_1729515276794233_2: signature_1729515262421418_425 (24.755)
sample_1729515276794233_3: signature_1729515262421418_7 (12.665)
sample_1729515276794233_4: signature_1729515262421418_386 (10.599)
sample_1729515276794233_7: signature_1729515262421418_125 (18.017)
sample_1729515276794233_8: signature_1729515262421418_32 (10.572)
sample_1729515276794233_10: signature_1729515262421418_327 (19.711)
sample_1729515276794233_11: signature_1729515262421418_178 (25.510)
sample_1729515276794233_12: signature_1729515262421418_205 (26.154)
sample_1729515276794233_12: signature_1729515262421418_412 (25.896)
sample_1729515276794233_13: signature_1729515262421418_390 (24.914)
(FOR AUTOMATED CHECKING) Total runMatcher time:3.60908s

====> shared_mod...

Starting to read sample FASTQ file
Starting to read signature FASTA file
Read 1010 samples and 500 signatures.
Starting timing and matching...
runMatcher completed.
sample_1729515276794233_1: signature_1729515262421418_432 (17.115)
sample_1729515276794233_2: signature_1729515262421418_425 (24.755)
sample_1729515276794233_3: signature_1729515262421418_7 (12.665)
sample_1729515276794233_4: signature_1729515262421418_386 (10.599)
sample_1729515276794233_7: signature_1729515262421418_125 (18.017)
sample_1729515276794233_8: signature_1729515262421418_32 (10.572)
sample_1729515276794233_10: signature_1729515262421418_327 (19.711)
sample_1729515276794233_11: signature_1729515262421418_178 (25.510)
sample_1729515276794233_12: signature_1729515262421418_205 (26.154)
sample_1729515276794233_12: signature_1729515262421418_412 (25.896)
sample_1729515276794233_13: signature_1729515262421418_390 (24.914)
(FOR AUTOMATED CHECKING) Total runMatcher time:1.86657s

====> 1515

Settings:
  FASTA file: test_signatures.fasta
  Number of samples without virus: 1500
  Number of samples with virus: 15
  Number of viruses: minimum 1 to maximum 2
  Requested sample length: minimum 200000 to maximum 200000
  Average Phred score: 10 to 30
  N ratio: 0.1
  Final sample length values: minimum 200000 to maximum 200000 (after reading virus lengths)

====> Bench...

Starting to read sample FASTQ file
Starting to read signature FASTA file
Read 2323 samples and 500 signatures.
Starting timing and matching...
runMatcher completed.
sample_1729515302406889_1: signature_1729515262421418_126 (25.404)
sample_1729515302406889_1: signature_1729515262421418_263 (25.403)
sample_1729515302406889_2: signature_1729515262421418_383 (13.487)
sample_1729515302406889_3: signature_1729515262421418_306 (23.292)
sample_1729515302406889_4: signature_1729515262421418_487 (20.541)
sample_1729515302406889_5: signature_1729515262421418_314 (12.764)
sample_1729515302406889_6: signature_1729515262421418_262 (14.491)
sample_1729515302406889_6: signature_1729515262421418_387 (14.435)
sample_1729515302406889_8: signature_1729515262421418_84 (18.882)
sample_1729515302406889_9: signature_1729515262421418_22 (12.678)
sample_1729515302406889_10: signature_1729515262421418_401 (15.256)
sample_1729515302406889_16: signature_1729515262421418_151 (20.731)
sample_1729515302406889_18: signature_1729515262421418_228 (15.339)
sample_1729515302406889_18: signature_1729515262421418_459 (15.238)
sample_1729515302406889_24: signature_1729515262421418_308 (13.565)
sample_1729515302406889_26: signature_1729515262421418_220 (26.081)
sample_1729515302406889_27: signature_1729515262421418_25 (25.940)
sample_1729515302406889_28: signature_1729515262421418_264 (15.391)
(FOR AUTOMATED CHECKING) Total runMatcher time:8.54708s

====> shared_mod...

Starting to read sample FASTQ file
Starting to read signature FASTA file
Read 2323 samples and 500 signatures.
Starting timing and matching...
runMatcher completed.
sample_1729515302406889_1: signature_1729515262421418_126 (25.404)
sample_1729515302406889_1: signature_1729515262421418_263 (25.403)
sample_1729515302406889_2: signature_1729515262421418_383 (13.487)
sample_1729515302406889_3: signature_1729515262421418_306 (23.292)
sample_1729515302406889_4: signature_1729515262421418_487 (20.541)
sample_1729515302406889_5: signature_1729515262421418_314 (12.764)
sample_1729515302406889_6: signature_1729515262421418_262 (14.491)
sample_1729515302406889_6: signature_1729515262421418_387 (14.435)
sample_1729515302406889_8: signature_1729515262421418_84 (18.882)
sample_1729515302406889_9: signature_1729515262421418_22 (12.678)
sample_1729515302406889_10: signature_1729515262421418_401 (15.256)
sample_1729515302406889_16: signature_1729515262421418_151 (20.731)
sample_1729515302406889_18: signature_1729515262421418_228 (15.339)
sample_1729515302406889_18: signature_1729515262421418_459 (15.238)
sample_1729515302406889_24: signature_1729515262421418_308 (13.565)
sample_1729515302406889_26: signature_1729515262421418_220 (26.081)
sample_1729515302406889_27: signature_1729515262421418_25 (25.940)
sample_1729515302406889_28: signature_1729515262421418_264 (15.391)
(FOR AUTOMATED CHECKING) Total runMatcher time:4.43274s

====> 2020

Settings:
  FASTA file: test_signatures.fasta
  Number of samples without virus: 2000
  Number of samples with virus: 20
  Number of viruses: minimum 1 to maximum 2
  Requested sample length: minimum 200000 to maximum 200000
  Average Phred score: 10 to 30
  N ratio: 0.1
  Final sample length values: minimum 200000 to maximum 200000 (after reading virus lengths)

====> Bench...

Starting to read sample FASTQ file
Starting to read signature FASTA file
Read 2020 samples and 500 signatures.
Starting timing and matching...
runMatcher completed.
sample_1729515403823065_1: signature_1729515262421418_7 (17.926)
sample_1729515403823065_2: signature_1729515262421418_213 (19.013)
sample_1729515403823065_2: signature_1729515262421418_272 (18.782)
sample_1729515403823065_3: signature_1729515262421418_386 (23.328)
sample_1729515403823065_5: signature_1729515262421418_17 (19.792)
sample_1729515403823065_6: signature_1729515262421418_449 (25.960)
sample_1729515403823065_8: signature_1729515262421418_116 (13.580)
sample_1729515403823065_11: signature_1729515262421418_71 (17.148)
sample_1729515403823065_13: signature_1729515262421418_243 (12.692)
sample_1729515403823065_15: signature_1729515262421418_121 (15.238)
sample_1729515403823065_22: signature_1729515262421418_363 (17.039)
sample_1729515403823065_23: signature_1729515262421418_256 (21.458)
sample_1729515403823065_24: signature_1729515262421418_338 (18.910)
sample_1729515403823065_25: signature_1729515262421418_147 (10.572)
sample_1729515403823065_25: signature_1729515262421418_399 (10.497)
sample_1729515403823065_29: signature_1729515262421418_336 (24.177)
sample_1729515403823065_30: signature_1729515262421418_455 (23.297)
sample_1729515403823065_36: signature_1729515262421418_167 (10.057)
sample_1729515403823065_37: signature_1729515262421418_197 (20.639)
sample_1729515403823065_38: signature_1729515262421418_295 (10.616)
sample_1729515403823065_39: signature_1729515262421418_352 (25.928)
sample_1729515403823065_40: signature_1729515262421418_403 (17.088)
(FOR AUTOMATED CHECKING) Total runMatcher time:6.78544s

====> shared_mod...

Starting to read sample FASTQ file
Starting to read signature FASTA file
Read 2020 samples and 500 signatures.
Starting timing and matching...
runMatcher completed.
sample_1729515403823065_1: signature_1729515262421418_7 (17.926)
sample_1729515403823065_2: signature_1729515262421418_213 (19.013)
sample_1729515403823065_2: signature_1729515262421418_272 (18.782)
sample_1729515403823065_3: signature_1729515262421418_386 (23.328)
sample_1729515403823065_5: signature_1729515262421418_17 (19.792)
sample_1729515403823065_6: signature_1729515262421418_449 (25.960)
sample_1729515403823065_8: signature_1729515262421418_116 (13.580)
sample_1729515403823065_11: signature_1729515262421418_71 (17.148)
sample_1729515403823065_13: signature_1729515262421418_243 (12.692)
sample_1729515403823065_15: signature_1729515262421418_121 (15.238)
sample_1729515403823065_22: signature_1729515262421418_363 (17.039)
sample_1729515403823065_23: signature_1729515262421418_256 (21.458)
sample_1729515403823065_24: signature_1729515262421418_338 (18.910)
sample_1729515403823065_25: signature_1729515262421418_147 (10.572)
sample_1729515403823065_25: signature_1729515262421418_399 (10.497)
sample_1729515403823065_29: signature_1729515262421418_336 (24.177)
sample_1729515403823065_30: signature_1729515262421418_455 (23.297)
sample_1729515403823065_36: signature_1729515262421418_167 (10.057)
sample_1729515403823065_37: signature_1729515262421418_197 (20.639)
sample_1729515403823065_38: signature_1729515262421418_295 (10.616)
sample_1729515403823065_39: signature_1729515262421418_352 (25.928)
sample_1729515403823065_40: signature_1729515262421418_403 (17.088)
(FOR AUTOMATED CHECKING) Total runMatcher time:4.16641s

====> 2525

Settings:
  FASTA file: test_signatures.fasta
  Number of samples without virus: 2500
  Number of samples with virus: 25
  Number of viruses: minimum 1 to maximum 2
  Requested sample length: minimum 200000 to maximum 200000
  Average Phred score: 10 to 30
  N ratio: 0.1
  Final sample length values: minimum 200000 to maximum 200000 (after reading virus lengths)

====> Bench...

Starting to read sample FASTQ file
Starting to read signature FASTA file
Read 2525 samples and 500 signatures.
Starting timing and matching...
runMatcher completed.
sample_1729515524563473_2: signature_1729515262421418_184 (23.346)
sample_1729515524563473_3: signature_1729515262421418_276 (14.450)
sample_1729515524563473_6: signature_1729515262421418_34 (21.664)
sample_1729515524563473_7: signature_1729515262421418_487 (13.399)
sample_1729515524563473_11: signature_1729515262421418_102 (18.769)
sample_1729515524563473_11: signature_1729515262421418_418 (18.962)
sample_1729515524563473_13: signature_1729515262421418_83 (10.090)
sample_1729515524563473_19: signature_1729515262421418_56 (10.089)
sample_1729515524563473_19: signature_1729515262421418_101 (9.988)
sample_1729515524563473_24: signature_1729515262421418_373 (16.156)
sample_1729515524563473_25: signature_1729515262421418_278 (16.171)
sample_1729515524563473_31: signature_1729515262421418_184 (25.470)
sample_1729515524563473_32: signature_1729515262421418_134 (22.535)
sample_1729515524563473_37: signature_1729515262421418_200 (18.883)
sample_1729515524563473_39: signature_1729515262421418_259 (18.036)
sample_1729515524563473_39: signature_1729515262421418_345 (17.990)
sample_1729515524563473_41: signature_1729515262421418_143 (18.830)
sample_1729515524563473_45: signature_1729515262421418_25 (12.676)
sample_1729515524563473_47: signature_1729515262421418_37 (14.504)
sample_1729515524563473_48: signature_1729515262421418_472 (22.365)
sample_1729515524563473_49: signature_1729515262421418_477 (22.463)
sample_1729515524563473_50: signature_1729515262421418_59 (10.557)
sample_1729515524563473_51: signature_1729515262421418_458 (10.087)
sample_1729515524563473_51: signature_1729515262421418_486 (10.049)
sample_1729515524563473_53: signature_1729515262421418_247 (11.980)
sample_1729515524563473_55: signature_1729515262421418_359 (15.420)
sample_1729515524563473_57: signature_1729515262421418_316 (16.259)
sample_1729515524563473_59: signature_1729515262421418_269 (22.414)
sample_1729515524563473_60: signature_1729515262421418_130 (20.616)
(FOR AUTOMATED CHECKING) Total runMatcher time:8.44666s

====> shared_mod...

Starting to read sample FASTQ file
Starting to read signature FASTA file
Read 2525 samples and 500 signatures.
Starting timing and matching...
runMatcher completed.
sample_1729515524563473_2: signature_1729515262421418_184 (23.346)
sample_1729515524563473_3: signature_1729515262421418_276 (14.450)
sample_1729515524563473_6: signature_1729515262421418_34 (21.664)
sample_1729515524563473_7: signature_1729515262421418_487 (13.399)
sample_1729515524563473_11: signature_1729515262421418_102 (18.769)
sample_1729515524563473_11: signature_1729515262421418_418 (18.962)
sample_1729515524563473_13: signature_1729515262421418_83 (10.090)
sample_1729515524563473_19: signature_1729515262421418_56 (10.089)
sample_1729515524563473_19: signature_1729515262421418_101 (9.988)
sample_1729515524563473_24: signature_1729515262421418_373 (16.156)
sample_1729515524563473_25: signature_1729515262421418_278 (16.171)
sample_1729515524563473_31: signature_1729515262421418_184 (25.470)
sample_1729515524563473_32: signature_1729515262421418_134 (22.535)
sample_1729515524563473_37: signature_1729515262421418_200 (18.883)
sample_1729515524563473_39: signature_1729515262421418_259 (18.036)
sample_1729515524563473_39: signature_1729515262421418_345 (17.990)
sample_1729515524563473_41: signature_1729515262421418_143 (18.830)
sample_1729515524563473_45: signature_1729515262421418_25 (12.676)
sample_1729515524563473_47: signature_1729515262421418_37 (14.504)
sample_1729515524563473_48: signature_1729515262421418_472 (22.365)
sample_1729515524563473_49: signature_1729515262421418_477 (22.463)
sample_1729515524563473_50: signature_1729515262421418_59 (10.557)
sample_1729515524563473_51: signature_1729515262421418_458 (10.087)
sample_1729515524563473_51: signature_1729515262421418_486 (10.049)
sample_1729515524563473_53: signature_1729515262421418_247 (11.980)
sample_1729515524563473_55: signature_1729515262421418_359 (15.420)
sample_1729515524563473_57: signature_1729515262421418_316 (16.259)
sample_1729515524563473_59: signature_1729515262421418_269 (22.414)
sample_1729515524563473_60: signature_1729515262421418_130 (20.616)
(FOR AUTOMATED CHECKING) Total runMatcher time:4.95103s

====> Finished...

