a100 Job is running on xgph16, started at Mon Oct 21 08:47:42 PM +08 2024
NVCC info: nvcc: NVIDIA (R) Cuda compiler driver
Copyright (c) 2005-2024 NVIDIA Corporation
Built on Thu_Mar_28_02:18:24_PDT_2024
Cuda compilation tools, release 12.4, V12.4.131
Build cuda_12.4.r12.4/compiler.34097967_0

====> Compiling...


====> 50000

Settings:
  FASTA file: test_signatures.fasta
  Number of samples without virus: 2000
  Number of samples with virus: 20
  Number of viruses: minimum 1 to maximum 2
  Requested sample length: minimum 50000 to maximum 50000
  Average Phred score: 10 to 30
  N ratio: 0.1
  Final sample length values: minimum 50000 to maximum 50000 (after reading virus lengths)

====> Bench...

Starting to read sample FASTQ file
Starting to read signature FASTA file
Read 2020 samples and 500 signatures.
Starting timing and matching...
runMatcher completed.
sample_1729514873419632_2: signature_1729514872890814_459 (21.390)
sample_1729514873419632_9: signature_1729514872890814_251 (21.513)
sample_1729514873419632_10: signature_1729514872890814_289 (19.898)
sample_1729514873419632_12: signature_1729514872890814_83 (14.459)
sample_1729514873419632_12: signature_1729514872890814_224 (14.334)
sample_1729514873419632_17: signature_1729514872890814_64 (18.878)
sample_1729514873419632_17: signature_1729514872890814_125 (18.763)
sample_1729514873419632_22: signature_1729514872890814_35 (12.002)
sample_1729514873419632_23: signature_1729514872890814_149 (21.530)
sample_1729514873419632_24: signature_1729514872890814_177 (19.789)
sample_1729514873419632_24: signature_1729514872890814_439 (19.818)
sample_1729514873419632_28: signature_1729514872890814_468 (18.825)
sample_1729514873419632_30: signature_1729514872890814_161 (22.482)
sample_1729514873419632_35: signature_1729514872890814_203 (11.966)
sample_1729514873419632_36: signature_1729514872890814_91 (13.565)
sample_1729514873419632_36: signature_1729514872890814_418 (13.612)
sample_1729514873419632_37: signature_1729514872890814_311 (16.192)
sample_1729514873419632_42: signature_1729514872890814_388 (25.987)
sample_1729514873419632_42: signature_1729514872890814_436 (26.075)
sample_1729514873419632_44: signature_1729514872890814_274 (10.591)
sample_1729514873419632_44: signature_1729514872890814_331 (10.572)
sample_1729514873419632_45: signature_1729514872890814_36 (18.045)
sample_1729514873419632_46: signature_1729514872890814_352 (10.524)
sample_1729514873419632_48: signature_1729514872890814_17 (12.637)
sample_1729514873419632_48: signature_1729514872890814_104 (12.637)
sample_1729514873419632_49: signature_1729514872890814_50 (19.644)
sample_1729514873419632_49: signature_1729514872890814_367 (19.728)
sample_1729514873419632_50: signature_1729514872890814_376 (19.704)
(FOR AUTOMATED CHECKING) Total runMatcher time:1.66658s

====> shared_mod...

Starting to read sample FASTQ file
Starting to read signature FASTA file
Read 2020 samples and 500 signatures.
Starting timing and matching...
runMatcher completed.
sample_1729514873419632_2: signature_1729514872890814_459 (21.390)
sample_1729514873419632_9: signature_1729514872890814_251 (21.513)
sample_1729514873419632_10: signature_1729514872890814_289 (19.898)
sample_1729514873419632_12: signature_1729514872890814_83 (14.459)
sample_1729514873419632_12: signature_1729514872890814_224 (14.334)
sample_1729514873419632_17: signature_1729514872890814_64 (18.878)
sample_1729514873419632_17: signature_1729514872890814_125 (18.763)
sample_1729514873419632_22: signature_1729514872890814_35 (12.002)
sample_1729514873419632_23: signature_1729514872890814_149 (21.530)
sample_1729514873419632_24: signature_1729514872890814_177 (19.789)
sample_1729514873419632_24: signature_1729514872890814_439 (19.818)
sample_1729514873419632_28: signature_1729514872890814_468 (18.825)
sample_1729514873419632_30: signature_1729514872890814_161 (22.482)
sample_1729514873419632_35: signature_1729514872890814_203 (11.966)
sample_1729514873419632_36: signature_1729514872890814_91 (13.565)
sample_1729514873419632_36: signature_1729514872890814_418 (13.612)
sample_1729514873419632_37: signature_1729514872890814_311 (16.192)
sample_1729514873419632_42: signature_1729514872890814_388 (25.987)
sample_1729514873419632_42: signature_1729514872890814_436 (26.075)
sample_1729514873419632_44: signature_1729514872890814_274 (10.591)
sample_1729514873419632_44: signature_1729514872890814_331 (10.572)
sample_1729514873419632_45: signature_1729514872890814_36 (18.045)
sample_1729514873419632_46: signature_1729514872890814_352 (10.524)
sample_1729514873419632_48: signature_1729514872890814_17 (12.637)
sample_1729514873419632_48: signature_1729514872890814_104 (12.637)
sample_1729514873419632_49: signature_1729514872890814_50 (19.644)
sample_1729514873419632_49: signature_1729514872890814_367 (19.728)
sample_1729514873419632_50: signature_1729514872890814_376 (19.704)
(FOR AUTOMATED CHECKING) Total runMatcher time:0.938056s

====> 100000

Settings:
  FASTA file: test_signatures.fasta
  Number of samples without virus: 2000
  Number of samples with virus: 20
  Number of viruses: minimum 1 to maximum 2
  Requested sample length: minimum 100000 to maximum 100000
  Average Phred score: 10 to 30
  N ratio: 0.1
  Final sample length values: minimum 100000 to maximum 100000 (after reading virus lengths)

====> Bench...

Starting to read sample FASTQ file
Starting to read signature FASTA file
Read 2020 samples and 500 signatures.
Starting timing and matching...
runMatcher completed.
sample_1729514886478175_2: signature_1729514872890814_339 (15.318)
sample_1729514886478175_2: signature_1729514872890814_348 (15.270)
sample_1729514886478175_3: signature_1729514872890814_266 (26.035)
sample_1729514886478175_3: signature_1729514872890814_407 (25.884)
sample_1729514886478175_4: signature_1729514872890814_258 (12.688)
sample_1729514886478175_5: signature_1729514872890814_82 (11.219)
sample_1729514886478175_7: signature_1729514872890814_419 (23.320)
sample_1729514886478175_10: signature_1729514872890814_114 (10.071)
sample_1729514886478175_11: signature_1729514872890814_37 (24.015)
sample_1729514886478175_11: signature_1729514872890814_212 (24.136)
sample_1729514886478175_13: signature_1729514872890814_164 (24.751)
sample_1729514886478175_14: signature_1729514872890814_498 (16.129)
sample_1729514886478175_15: signature_1729514872890814_341 (23.132)
sample_1729514886478175_17: signature_1729514872890814_423 (25.406)
sample_1729514886478175_17: signature_1729514872890814_441 (25.411)
sample_1729514886478175_19: signature_1729514872890814_425 (10.057)
sample_1729514886478175_20: signature_1729514872890814_178 (23.245)
sample_1729514886478175_21: signature_1729514872890814_404 (19.836)
sample_1729514886478175_22: signature_1729514872890814_112 (18.118)
sample_1729514886478175_23: signature_1729514872890814_301 (11.984)
sample_1729514886478175_23: signature_1729514872890814_369 (11.906)
sample_1729514886478175_25: signature_1729514872890814_273 (20.697)
sample_1729514886478175_28: signature_1729514872890814_486 (18.965)
sample_1729514886478175_29: signature_1729514872890814_304 (11.175)
sample_1729514886478175_37: signature_1729514872890814_456 (10.030)
(FOR AUTOMATED CHECKING) Total runMatcher time:3.33803s

====> shared_mod...

Starting to read sample FASTQ file
Starting to read signature FASTA file
Read 2020 samples and 500 signatures.
Starting timing and matching...
runMatcher completed.
sample_1729514886478175_2: signature_1729514872890814_339 (15.318)
sample_1729514886478175_2: signature_1729514872890814_348 (15.270)
sample_1729514886478175_3: signature_1729514872890814_266 (26.035)
sample_1729514886478175_3: signature_1729514872890814_407 (25.884)
sample_1729514886478175_4: signature_1729514872890814_258 (12.688)
sample_1729514886478175_5: signature_1729514872890814_82 (11.219)
sample_1729514886478175_7: signature_1729514872890814_419 (23.320)
sample_1729514886478175_10: signature_1729514872890814_114 (10.071)
sample_1729514886478175_11: signature_1729514872890814_37 (24.015)
sample_1729514886478175_11: signature_1729514872890814_212 (24.136)
sample_1729514886478175_13: signature_1729514872890814_164 (24.751)
sample_1729514886478175_14: signature_1729514872890814_498 (16.129)
sample_1729514886478175_15: signature_1729514872890814_341 (23.132)
sample_1729514886478175_17: signature_1729514872890814_423 (25.406)
sample_1729514886478175_17: signature_1729514872890814_441 (25.411)
sample_1729514886478175_19: signature_1729514872890814_425 (10.057)
sample_1729514886478175_20: signature_1729514872890814_178 (23.245)
sample_1729514886478175_21: signature_1729514872890814_404 (19.836)
sample_1729514886478175_22: signature_1729514872890814_112 (18.118)
sample_1729514886478175_23: signature_1729514872890814_301 (11.984)
sample_1729514886478175_23: signature_1729514872890814_369 (11.906)
sample_1729514886478175_25: signature_1729514872890814_273 (20.697)
sample_1729514886478175_28: signature_1729514872890814_486 (18.965)
sample_1729514886478175_29: signature_1729514872890814_304 (11.175)
sample_1729514886478175_37: signature_1729514872890814_456 (10.030)
(FOR AUTOMATED CHECKING) Total runMatcher time:1.92788s

====> 120000

Settings:
  FASTA file: test_signatures.fasta
  Number of samples without virus: 2000
  Number of samples with virus: 20
  Number of viruses: minimum 1 to maximum 2
  Requested sample length: minimum 120000 to maximum 120000
  Average Phred score: 10 to 30
  N ratio: 0.1
  Final sample length values: minimum 120000 to maximum 120000 (after reading virus lengths)

====> Bench...

Starting to read sample FASTQ file
Starting to read signature FASTA file
Read 2020 samples and 500 signatures.
Starting timing and matching...
runMatcher completed.
sample_1729514909833028_1: signature_1729514872890814_117 (21.502)
sample_1729514909833028_4: signature_1729514872890814_64 (24.043)
sample_1729514909833028_4: signature_1729514872890814_117 (23.972)
sample_1729514909833028_10: signature_1729514872890814_113 (21.549)
sample_1729514909833028_14: signature_1729514872890814_401 (15.321)
sample_1729514909833028_15: signature_1729514872890814_273 (17.147)
sample_1729514909833028_17: signature_1729514872890814_75 (15.305)
sample_1729514909833028_18: signature_1729514872890814_218 (18.860)
sample_1729514909833028_18: signature_1729514872890814_242 (18.842)
sample_1729514909833028_19: signature_1729514872890814_56 (20.564)
sample_1729514909833028_19: signature_1729514872890814_500 (20.679)
sample_1729514909833028_21: signature_1729514872890814_398 (20.589)
sample_1729514909833028_24: signature_1729514872890814_172 (24.724)
sample_1729514909833028_24: signature_1729514872890814_190 (24.771)
sample_1729514909833028_25: signature_1729514872890814_105 (13.514)
sample_1729514909833028_28: signature_1729514872890814_159 (18.928)
sample_1729514909833028_29: signature_1729514872890814_272 (16.141)
sample_1729514909833028_30: signature_1729514872890814_434 (14.445)
sample_1729514909833028_31: signature_1729514872890814_328 (10.088)
sample_1729514909833028_32: signature_1729514872890814_188 (22.464)
sample_1729514909833028_33: signature_1729514872890814_350 (24.752)
sample_1729514909833028_34: signature_1729514872890814_380 (24.812)
sample_1729514909833028_35: signature_1729514872890814_345 (19.814)
sample_1729514909833028_38: signature_1729514872890814_401 (11.207)
(FOR AUTOMATED CHECKING) Total runMatcher time:4.1066s

====> shared_mod...

Starting to read sample FASTQ file
Starting to read signature FASTA file
Read 2020 samples and 500 signatures.
Starting timing and matching...
runMatcher completed.
sample_1729514909833028_1: signature_1729514872890814_117 (21.502)
sample_1729514909833028_4: signature_1729514872890814_64 (24.043)
sample_1729514909833028_4: signature_1729514872890814_117 (23.972)
sample_1729514909833028_10: signature_1729514872890814_113 (21.549)
sample_1729514909833028_14: signature_1729514872890814_401 (15.321)
sample_1729514909833028_15: signature_1729514872890814_273 (17.147)
sample_1729514909833028_17: signature_1729514872890814_75 (15.305)
sample_1729514909833028_18: signature_1729514872890814_218 (18.860)
sample_1729514909833028_18: signature_1729514872890814_242 (18.842)
sample_1729514909833028_19: signature_1729514872890814_56 (20.564)
sample_1729514909833028_19: signature_1729514872890814_500 (20.679)
sample_1729514909833028_21: signature_1729514872890814_398 (20.589)
sample_1729514909833028_24: signature_1729514872890814_172 (24.724)
sample_1729514909833028_24: signature_1729514872890814_190 (24.771)
sample_1729514909833028_25: signature_1729514872890814_105 (13.514)
sample_1729514909833028_28: signature_1729514872890814_159 (18.928)
sample_1729514909833028_29: signature_1729514872890814_272 (16.141)
sample_1729514909833028_30: signature_1729514872890814_434 (14.445)
sample_1729514909833028_31: signature_1729514872890814_328 (10.088)
sample_1729514909833028_32: signature_1729514872890814_188 (22.464)
sample_1729514909833028_33: signature_1729514872890814_350 (24.752)
sample_1729514909833028_34: signature_1729514872890814_380 (24.812)
sample_1729514909833028_35: signature_1729514872890814_345 (19.814)
sample_1729514909833028_38: signature_1729514872890814_401 (11.207)
(FOR AUTOMATED CHECKING) Total runMatcher time:2.1488s

====> 140000

Settings:
  FASTA file: test_signatures.fasta
  Number of samples without virus: 2000
  Number of samples with virus: 20
  Number of viruses: minimum 1 to maximum 2
  Requested sample length: minimum 140000 to maximum 140000
  Average Phred score: 10 to 30
  N ratio: 0.1
  Final sample length values: minimum 140000 to maximum 140000 (after reading virus lengths)

====> Bench...

Starting to read sample FASTQ file
Starting to read signature FASTA file
Read 2020 samples and 500 signatures.
Starting timing and matching...
runMatcher completed.
sample_1729514937851536_1: signature_1729514872890814_144 (10.602)
sample_1729514937851536_6: signature_1729514872890814_219 (24.765)
sample_1729514937851536_6: signature_1729514872890814_227 (24.786)
sample_1729514937851536_8: signature_1729514872890814_83 (24.143)
sample_1729514937851536_8: signature_1729514872890814_262 (24.114)
sample_1729514937851536_10: signature_1729514872890814_199 (25.522)
sample_1729514937851536_13: signature_1729514872890814_342 (23.122)
sample_1729514937851536_14: signature_1729514872890814_200 (17.067)
sample_1729514937851536_16: signature_1729514872890814_102 (24.148)
sample_1729514937851536_17: signature_1729514872890814_139 (10.145)
sample_1729514937851536_18: signature_1729514872890814_163 (23.306)
sample_1729514937851536_19: signature_1729514872890814_355 (20.815)
sample_1729514937851536_20: signature_1729514872890814_246 (23.273)
sample_1729514937851536_21: signature_1729514872890814_454 (17.080)
sample_1729514937851536_24: signature_1729514872890814_106 (19.647)
sample_1729514937851536_25: signature_1729514872890814_133 (18.017)
sample_1729514937851536_28: signature_1729514872890814_144 (18.912)
sample_1729514937851536_28: signature_1729514872890814_494 (18.764)
sample_1729514937851536_30: signature_1729514872890814_74 (19.791)
sample_1729514937851536_32: signature_1729514872890814_281 (10.634)
sample_1729514937851536_34: signature_1729514872890814_496 (24.063)
sample_1729514937851536_35: signature_1729514872890814_333 (21.751)
sample_1729514937851536_35: signature_1729514872890814_366 (21.575)
sample_1729514937851536_37: signature_1729514872890814_88 (12.671)
(FOR AUTOMATED CHECKING) Total runMatcher time:4.64183s

====> shared_mod...

Starting to read sample FASTQ file
Starting to read signature FASTA file
Read 2020 samples and 500 signatures.
Starting timing and matching...
runMatcher completed.
sample_1729514937851536_1: signature_1729514872890814_144 (10.602)
sample_1729514937851536_6: signature_1729514872890814_219 (24.765)
sample_1729514937851536_6: signature_1729514872890814_227 (24.786)
sample_1729514937851536_8: signature_1729514872890814_83 (24.143)
sample_1729514937851536_8: signature_1729514872890814_262 (24.114)
sample_1729514937851536_10: signature_1729514872890814_199 (25.522)
sample_1729514937851536_13: signature_1729514872890814_342 (23.122)
sample_1729514937851536_14: signature_1729514872890814_200 (17.067)
sample_1729514937851536_16: signature_1729514872890814_102 (24.148)
sample_1729514937851536_17: signature_1729514872890814_139 (10.145)
sample_1729514937851536_18: signature_1729514872890814_163 (23.306)
sample_1729514937851536_19: signature_1729514872890814_355 (20.815)
sample_1729514937851536_20: signature_1729514872890814_246 (23.273)
sample_1729514937851536_21: signature_1729514872890814_454 (17.080)
sample_1729514937851536_24: signature_1729514872890814_106 (19.647)
sample_1729514937851536_25: signature_1729514872890814_133 (18.017)
sample_1729514937851536_28: signature_1729514872890814_144 (18.912)
sample_1729514937851536_28: signature_1729514872890814_494 (18.764)
sample_1729514937851536_30: signature_1729514872890814_74 (19.791)
sample_1729514937851536_32: signature_1729514872890814_281 (10.634)
sample_1729514937851536_34: signature_1729514872890814_496 (24.063)
sample_1729514937851536_35: signature_1729514872890814_333 (21.751)
sample_1729514937851536_35: signature_1729514872890814_366 (21.575)
sample_1729514937851536_37: signature_1729514872890814_88 (12.671)
(FOR AUTOMATED CHECKING) Total runMatcher time:2.51894s

====> 160000

Settings:
  FASTA file: test_signatures.fasta
  Number of samples without virus: 2000
  Number of samples with virus: 20
  Number of viruses: minimum 1 to maximum 2
  Requested sample length: minimum 160000 to maximum 160000
  Average Phred score: 10 to 30
  N ratio: 0.1
  Final sample length values: minimum 160000 to maximum 160000 (after reading virus lengths)

====> Bench...

Starting to read sample FASTQ file
Starting to read signature FASTA file
Read 2020 samples and 500 signatures.
Starting timing and matching...
runMatcher completed.
sample_1729514971397470_1: signature_1729514872890814_166 (11.990)
sample_1729514971397470_2: signature_1729514872890814_375 (25.822)
sample_1729514971397470_2: signature_1729514872890814_457 (25.944)
sample_1729514971397470_4: signature_1729514872890814_208 (23.991)
sample_1729514971397470_5: signature_1729514872890814_134 (12.764)
sample_1729514971397470_6: signature_1729514872890814_354 (19.730)
sample_1729514971397470_9: signature_1729514872890814_177 (24.743)
sample_1729514971397470_10: signature_1729514872890814_76 (15.336)
sample_1729514971397470_12: signature_1729514872890814_193 (18.935)
sample_1729514971397470_12: signature_1729514872890814_448 (18.779)
sample_1729514971397470_13: signature_1729514872890814_100 (15.239)
sample_1729514971397470_13: signature_1729514872890814_129 (15.374)
sample_1729514971397470_14: signature_1729514872890814_56 (18.772)
sample_1729514971397470_15: signature_1729514872890814_362 (22.509)
sample_1729514971397470_17: signature_1729514872890814_232 (11.965)
sample_1729514971397470_19: signature_1729514872890814_32 (11.979)
sample_1729514971397470_19: signature_1729514872890814_111 (11.910)
sample_1729514971397470_22: signature_1729514872890814_91 (23.348)
sample_1729514971397470_24: signature_1729514872890814_231 (16.964)
sample_1729514971397470_25: signature_1729514872890814_100 (10.024)
sample_1729514971397470_25: signature_1729514872890814_354 (10.071)
sample_1729514971397470_29: signature_1729514872890814_406 (24.839)
sample_1729514971397470_31: signature_1729514872890814_162 (17.137)
sample_1729514971397470_33: signature_1729514872890814_340 (20.717)
sample_1729514971397470_34: signature_1729514872890814_158 (13.580)
(FOR AUTOMATED CHECKING) Total runMatcher time:5.57354s

====> shared_mod...

Starting to read sample FASTQ file
Starting to read signature FASTA file
Read 2020 samples and 500 signatures.
Starting timing and matching...
runMatcher completed.
sample_1729514971397470_1: signature_1729514872890814_166 (11.990)
sample_1729514971397470_2: signature_1729514872890814_375 (25.822)
sample_1729514971397470_2: signature_1729514872890814_457 (25.944)
sample_1729514971397470_4: signature_1729514872890814_208 (23.991)
sample_1729514971397470_5: signature_1729514872890814_134 (12.764)
sample_1729514971397470_6: signature_1729514872890814_354 (19.730)
sample_1729514971397470_9: signature_1729514872890814_177 (24.743)
sample_1729514971397470_10: signature_1729514872890814_76 (15.336)
sample_1729514971397470_12: signature_1729514872890814_193 (18.935)
sample_1729514971397470_12: signature_1729514872890814_448 (18.779)
sample_1729514971397470_13: signature_1729514872890814_100 (15.239)
sample_1729514971397470_13: signature_1729514872890814_129 (15.374)
sample_1729514971397470_14: signature_1729514872890814_56 (18.772)
sample_1729514971397470_15: signature_1729514872890814_362 (22.509)
sample_1729514971397470_17: signature_1729514872890814_232 (11.965)
sample_1729514971397470_19: signature_1729514872890814_32 (11.979)
sample_1729514971397470_19: signature_1729514872890814_111 (11.910)
sample_1729514971397470_22: signature_1729514872890814_91 (23.348)
sample_1729514971397470_24: signature_1729514872890814_231 (16.964)
sample_1729514971397470_25: signature_1729514872890814_100 (10.024)
sample_1729514971397470_25: signature_1729514872890814_354 (10.071)
sample_1729514971397470_29: signature_1729514872890814_406 (24.839)
sample_1729514971397470_31: signature_1729514872890814_162 (17.137)
sample_1729514971397470_33: signature_1729514872890814_340 (20.717)
sample_1729514971397470_34: signature_1729514872890814_158 (13.580)
(FOR AUTOMATED CHECKING) Total runMatcher time:2.85722s

====> 180000

Settings:
  FASTA file: test_signatures.fasta
  Number of samples without virus: 2000
  Number of samples with virus: 20
  Number of viruses: minimum 1 to maximum 2
  Requested sample length: minimum 180000 to maximum 180000
  Average Phred score: 10 to 30
  N ratio: 0.1
  Final sample length values: minimum 180000 to maximum 180000 (after reading virus lengths)

====> Bench...

Starting to read sample FASTQ file
Starting to read signature FASTA file
Read 2020 samples and 500 signatures.
Starting timing and matching...
runMatcher completed.
sample_1729515047962820_3: signature_1729514872890814_496 (19.762)
sample_1729515047962820_4: signature_1729514872890814_318 (12.715)
sample_1729515047962820_4: signature_1729514872890814_383 (12.766)
sample_1729515047962820_9: signature_1729514872890814_307 (17.926)
sample_1729515047962820_13: signature_1729514872890814_107 (25.871)
sample_1729515047962820_14: signature_1729514872890814_75 (18.938)
sample_1729515047962820_15: signature_1729514872890814_439 (14.450)
sample_1729515047962820_19: signature_1729514872890814_412 (25.956)
sample_1729515047962820_20: signature_1729514872890814_110 (16.213)
sample_1729515047962820_21: signature_1729514872890814_93 (23.195)
sample_1729515047962820_26: signature_1729514872890814_336 (23.969)
sample_1729515047962820_27: signature_1729514872890814_31 (12.680)
sample_1729515047962820_30: signature_1729514872890814_240 (24.741)
sample_1729515047962820_32: signature_1729514872890814_430 (12.674)
sample_1729515047962820_33: signature_1729514872890814_261 (23.083)
sample_1729515047962820_34: signature_1729514872890814_495 (11.246)
sample_1729515047962820_36: signature_1729514872890814_44 (10.019)
sample_1729515047962820_38: signature_1729514872890814_376 (17.086)
sample_1729515047962820_39: signature_1729514872890814_310 (22.365)
sample_1729515047962820_40: signature_1729514872890814_391 (16.089)
sample_1729515047962820_40: signature_1729514872890814_456 (16.181)
sample_1729515047962820_41: signature_1729514872890814_111 (18.005)
(FOR AUTOMATED CHECKING) Total runMatcher time:6.16496s

====> shared_mod...

Starting to read sample FASTQ file
Starting to read signature FASTA file
Read 2020 samples and 500 signatures.
Starting timing and matching...
runMatcher completed.
sample_1729515047962820_3: signature_1729514872890814_496 (19.762)
sample_1729515047962820_4: signature_1729514872890814_318 (12.715)
sample_1729515047962820_4: signature_1729514872890814_383 (12.766)
sample_1729515047962820_9: signature_1729514872890814_307 (17.926)
sample_1729515047962820_13: signature_1729514872890814_107 (25.871)
sample_1729515047962820_14: signature_1729514872890814_75 (18.938)
sample_1729515047962820_15: signature_1729514872890814_439 (14.450)
sample_1729515047962820_19: signature_1729514872890814_412 (25.956)
sample_1729515047962820_20: signature_1729514872890814_110 (16.213)
sample_1729515047962820_21: signature_1729514872890814_93 (23.195)
sample_1729515047962820_26: signature_1729514872890814_336 (23.969)
sample_1729515047962820_27: signature_1729514872890814_31 (12.680)
sample_1729515047962820_30: signature_1729514872890814_240 (24.741)
sample_1729515047962820_32: signature_1729514872890814_430 (12.674)
sample_1729515047962820_33: signature_1729514872890814_261 (23.083)
sample_1729515047962820_34: signature_1729514872890814_495 (11.246)
sample_1729515047962820_36: signature_1729514872890814_44 (10.019)
sample_1729515047962820_38: signature_1729514872890814_376 (17.086)
sample_1729515047962820_39: signature_1729514872890814_310 (22.365)
sample_1729515047962820_40: signature_1729514872890814_391 (16.089)
sample_1729515047962820_40: signature_1729514872890814_456 (16.181)
sample_1729515047962820_41: signature_1729514872890814_111 (18.005)
(FOR AUTOMATED CHECKING) Total runMatcher time:3.18014s

====> 200000

Settings:
  FASTA file: test_signatures.fasta
  Number of samples without virus: 2000
  Number of samples with virus: 20
  Number of viruses: minimum 1 to maximum 2
  Requested sample length: minimum 200000 to maximum 200000
  Average Phred score: 10 to 30
  N ratio: 0.1
  Final sample length values: minimum 200000 to maximum 200000 (after reading virus lengths)

====> Bench...

Starting to read sample FASTQ file
Starting to read signature FASTA file
Read 2020 samples and 500 signatures.
Starting timing and matching...
runMatcher completed.
sample_1729515090356603_1: signature_1729514872890814_289 (19.016)
sample_1729515090356603_4: signature_1729514872890814_124 (11.257)
sample_1729515090356603_17: signature_1729514872890814_218 (18.016)
sample_1729515090356603_17: signature_1729514872890814_274 (18.010)
sample_1729515090356603_19: signature_1729514872890814_472 (25.316)
sample_1729515090356603_20: signature_1729514872890814_348 (12.710)
sample_1729515090356603_24: signature_1729514872890814_183 (19.820)
sample_1729515090356603_25: signature_1729514872890814_97 (25.893)
sample_1729515090356603_30: signature_1729514872890814_196 (22.532)
sample_1729515090356603_31: signature_1729514872890814_71 (25.857)
sample_1729515090356603_38: signature_1729514872890814_375 (23.248)
sample_1729515090356603_39: signature_1729514872890814_358 (18.999)
sample_1729515090356603_40: signature_1729514872890814_150 (21.583)
sample_1729515090356603_40: signature_1729514872890814_451 (21.666)
sample_1729515090356603_41: signature_1729514872890814_205 (23.336)
sample_1729515090356603_49: signature_1729514872890814_280 (21.625)
sample_1729515090356603_50: signature_1729514872890814_169 (13.599)
sample_1729515090356603_52: signature_1729514872890814_223 (10.623)
sample_1729515090356603_53: signature_1729514872890814_331 (18.031)
sample_1729515090356603_57: signature_1729514872890814_311 (13.545)
sample_1729515090356603_61: signature_1729514872890814_201 (23.349)
sample_1729515090356603_62: signature_1729514872890814_5 (18.023)
(FOR AUTOMATED CHECKING) Total runMatcher time:7.22926s

====> shared_mod...

Starting to read sample FASTQ file
Starting to read signature FASTA file
Read 2020 samples and 500 signatures.
Starting timing and matching...
runMatcher completed.
sample_1729515090356603_1: signature_1729514872890814_289 (19.016)
sample_1729515090356603_4: signature_1729514872890814_124 (11.257)
sample_1729515090356603_17: signature_1729514872890814_218 (18.016)
sample_1729515090356603_17: signature_1729514872890814_274 (18.010)
sample_1729515090356603_19: signature_1729514872890814_472 (25.316)
sample_1729515090356603_20: signature_1729514872890814_348 (12.710)
sample_1729515090356603_24: signature_1729514872890814_183 (19.820)
sample_1729515090356603_25: signature_1729514872890814_97 (25.893)
sample_1729515090356603_30: signature_1729514872890814_196 (22.532)
sample_1729515090356603_31: signature_1729514872890814_71 (25.857)
sample_1729515090356603_38: signature_1729514872890814_375 (23.248)
sample_1729515090356603_39: signature_1729514872890814_358 (18.999)
sample_1729515090356603_40: signature_1729514872890814_150 (21.583)
sample_1729515090356603_40: signature_1729514872890814_451 (21.666)
sample_1729515090356603_41: signature_1729514872890814_205 (23.336)
sample_1729515090356603_49: signature_1729514872890814_280 (21.625)
sample_1729515090356603_50: signature_1729514872890814_169 (13.599)
sample_1729515090356603_52: signature_1729514872890814_223 (10.623)
sample_1729515090356603_53: signature_1729514872890814_331 (18.031)
sample_1729515090356603_57: signature_1729514872890814_311 (13.545)
sample_1729515090356603_61: signature_1729514872890814_201 (23.349)
sample_1729515090356603_62: signature_1729514872890814_5 (18.023)
(FOR AUTOMATED CHECKING) Total runMatcher time:3.56837s

====> Finished...

