h100 Job is running on xgpi4, started at Mon Oct 21 08:38:49 PM +08 2024
NVCC info: nvcc: NVIDIA (R) Cuda compiler driver
Copyright (c) 2005-2024 NVIDIA Corporation
Built on Thu_Mar_28_02:18:24_PDT_2024
Cuda compilation tools, release 12.4, V12.4.131
Build cuda_12.4.r12.4/compiler.34097967_0

====> Compiling...


====> 50000

Settings:
  FASTA file: test_signatures.fasta
  Number of samples without virus: 2000
  Number of samples with virus: 20
  Number of viruses: minimum 1 to maximum 2
  Requested sample length: minimum 50000 to maximum 50000
  Average Phred score: 10 to 30
  N ratio: 0.1
  Final sample length values: minimum 50000 to maximum 50000 (after reading virus lengths)

====> Bench...

Starting to read sample FASTQ file
Starting to read signature FASTA file
Read 2020 samples and 500 signatures.
Starting timing and matching...
runMatcher completed.
sample_1729514336671287_1: signature_1729514336126694_51 (23.961)
sample_1729514336671287_5: signature_1729514336126694_209 (11.909)
sample_1729514336671287_6: signature_1729514336126694_37 (15.243)
sample_1729514336671287_7: signature_1729514336126694_225 (19.815)
sample_1729514336671287_10: signature_1729514336126694_407 (18.902)
sample_1729514336671287_12: signature_1729514336126694_239 (25.930)
sample_1729514336671287_13: signature_1729514336126694_499 (23.473)
sample_1729514336671287_14: signature_1729514336126694_158 (14.493)
sample_1729514336671287_20: signature_1729514336126694_21 (11.929)
sample_1729514336671287_21: signature_1729514336126694_371 (17.231)
sample_1729514336671287_23: signature_1729514336126694_393 (17.146)
sample_1729514336671287_26: signature_1729514336126694_87 (22.472)
sample_1729514336671287_28: signature_1729514336126694_94 (17.060)
sample_1729514336671287_31: signature_1729514336126694_366 (19.782)
sample_1729514336671287_33: signature_1729514336126694_167 (14.400)
sample_1729514336671287_35: signature_1729514336126694_159 (10.666)
sample_1729514336671287_35: signature_1729514336126694_349 (10.533)
sample_1729514336671287_40: signature_1729514336126694_272 (13.540)
sample_1729514336671287_41: signature_1729514336126694_141 (23.968)
sample_1729514336671287_43: signature_1729514336126694_486 (24.809)
sample_1729514336671287_44: signature_1729514336126694_7 (19.827)
sample_1729514336671287_44: signature_1729514336126694_38 (19.851)
(FOR AUTOMATED CHECKING) Total runMatcher time:0.779199s

====> shared_mod...

Starting to read sample FASTQ file
Starting to read signature FASTA file
Read 2020 samples and 500 signatures.
Starting timing and matching...
runMatcher completed.
sample_1729514336671287_1: signature_1729514336126694_51 (23.961)
sample_1729514336671287_5: signature_1729514336126694_209 (11.909)
sample_1729514336671287_6: signature_1729514336126694_37 (15.243)
sample_1729514336671287_7: signature_1729514336126694_225 (19.815)
sample_1729514336671287_10: signature_1729514336126694_407 (18.902)
sample_1729514336671287_12: signature_1729514336126694_239 (25.930)
sample_1729514336671287_13: signature_1729514336126694_499 (23.473)
sample_1729514336671287_14: signature_1729514336126694_158 (14.493)
sample_1729514336671287_20: signature_1729514336126694_21 (11.929)
sample_1729514336671287_21: signature_1729514336126694_371 (17.231)
sample_1729514336671287_23: signature_1729514336126694_393 (17.146)
sample_1729514336671287_26: signature_1729514336126694_87 (22.472)
sample_1729514336671287_28: signature_1729514336126694_94 (17.060)
sample_1729514336671287_31: signature_1729514336126694_366 (19.782)
sample_1729514336671287_33: signature_1729514336126694_167 (14.400)
sample_1729514336671287_35: signature_1729514336126694_159 (10.666)
sample_1729514336671287_35: signature_1729514336126694_349 (10.533)
sample_1729514336671287_40: signature_1729514336126694_272 (13.540)
sample_1729514336671287_41: signature_1729514336126694_141 (23.968)
sample_1729514336671287_43: signature_1729514336126694_486 (24.809)
sample_1729514336671287_44: signature_1729514336126694_7 (19.827)
sample_1729514336671287_44: signature_1729514336126694_38 (19.851)
(FOR AUTOMATED CHECKING) Total runMatcher time:0.536631s

====> 100000

Settings:
  FASTA file: test_signatures.fasta
  Number of samples without virus: 2000
  Number of samples with virus: 20
  Number of viruses: minimum 1 to maximum 2
  Requested sample length: minimum 100000 to maximum 100000
  Average Phred score: 10 to 30
  N ratio: 0.1
  Final sample length values: minimum 100000 to maximum 100000 (after reading virus lengths)

====> Bench...

Starting to read sample FASTQ file
Starting to read signature FASTA file
Read 2020 samples and 500 signatures.
Starting timing and matching...
runMatcher completed.
sample_1729514345446119_1: signature_1729514336126694_39 (14.447)
sample_1729514345446119_1: signature_1729514336126694_120 (14.471)
sample_1729514345446119_6: signature_1729514336126694_442 (13.604)
sample_1729514345446119_7: signature_1729514336126694_78 (11.901)
sample_1729514345446119_8: signature_1729514336126694_266 (11.229)
sample_1729514345446119_11: signature_1729514336126694_172 (24.844)
sample_1729514345446119_12: signature_1729514336126694_379 (22.446)
sample_1729514345446119_18: signature_1729514336126694_418 (14.402)
sample_1729514345446119_18: signature_1729514336126694_473 (14.499)
sample_1729514345446119_21: signature_1729514336126694_254 (14.400)
sample_1729514345446119_23: signature_1729514336126694_355 (19.801)
sample_1729514345446119_24: signature_1729514336126694_469 (20.633)
sample_1729514345446119_29: signature_1729514336126694_236 (15.264)
sample_1729514345446119_29: signature_1729514336126694_446 (15.342)
sample_1729514345446119_30: signature_1729514336126694_221 (12.706)
sample_1729514345446119_31: signature_1729514336126694_239 (23.267)
sample_1729514345446119_32: signature_1729514336126694_80 (10.578)
sample_1729514345446119_32: signature_1729514336126694_109 (10.638)
sample_1729514345446119_36: signature_1729514336126694_269 (19.764)
sample_1729514345446119_36: signature_1729514336126694_419 (19.676)
sample_1729514345446119_37: signature_1729514336126694_233 (12.691)
sample_1729514345446119_38: signature_1729514336126694_408 (25.377)
sample_1729514345446119_41: signature_1729514336126694_358 (21.590)
sample_1729514345446119_44: signature_1729514336126694_279 (11.945)
sample_1729514345446119_44: signature_1729514336126694_298 (12.023)
sample_1729514345446119_45: signature_1729514336126694_61 (22.442)
(FOR AUTOMATED CHECKING) Total runMatcher time:1.17413s

====> shared_mod...

Starting to read sample FASTQ file
Starting to read signature FASTA file
Read 2020 samples and 500 signatures.
Starting timing and matching...
runMatcher completed.
sample_1729514345446119_1: signature_1729514336126694_39 (14.447)
sample_1729514345446119_1: signature_1729514336126694_120 (14.471)
sample_1729514345446119_6: signature_1729514336126694_442 (13.604)
sample_1729514345446119_7: signature_1729514336126694_78 (11.901)
sample_1729514345446119_8: signature_1729514336126694_266 (11.229)
sample_1729514345446119_11: signature_1729514336126694_172 (24.844)
sample_1729514345446119_12: signature_1729514336126694_379 (22.446)
sample_1729514345446119_18: signature_1729514336126694_418 (14.402)
sample_1729514345446119_18: signature_1729514336126694_473 (14.499)
sample_1729514345446119_21: signature_1729514336126694_254 (14.400)
sample_1729514345446119_23: signature_1729514336126694_355 (19.801)
sample_1729514345446119_24: signature_1729514336126694_469 (20.633)
sample_1729514345446119_29: signature_1729514336126694_236 (15.264)
sample_1729514345446119_29: signature_1729514336126694_446 (15.342)
sample_1729514345446119_30: signature_1729514336126694_221 (12.706)
sample_1729514345446119_31: signature_1729514336126694_239 (23.267)
sample_1729514345446119_32: signature_1729514336126694_80 (10.578)
sample_1729514345446119_32: signature_1729514336126694_109 (10.638)
sample_1729514345446119_36: signature_1729514336126694_269 (19.764)
sample_1729514345446119_36: signature_1729514336126694_419 (19.676)
sample_1729514345446119_37: signature_1729514336126694_233 (12.691)
sample_1729514345446119_38: signature_1729514336126694_408 (25.377)
sample_1729514345446119_41: signature_1729514336126694_358 (21.590)
sample_1729514345446119_44: signature_1729514336126694_279 (11.945)
sample_1729514345446119_44: signature_1729514336126694_298 (12.023)
sample_1729514345446119_45: signature_1729514336126694_61 (22.442)
(FOR AUTOMATED CHECKING) Total runMatcher time:0.802626s

====> 120000

Settings:
  FASTA file: test_signatures.fasta
  Number of samples without virus: 2000
  Number of samples with virus: 20
  Number of viruses: minimum 1 to maximum 2
  Requested sample length: minimum 120000 to maximum 120000
  Average Phred score: 10 to 30
  N ratio: 0.1
  Final sample length values: minimum 120000 to maximum 120000 (after reading virus lengths)

====> Bench...

Starting to read sample FASTQ file
Starting to read signature FASTA file
Read 2020 samples and 500 signatures.
Starting timing and matching...
runMatcher completed.
sample_1729514360896731_1: signature_1729514336126694_454 (25.407)
sample_1729514360896731_2: signature_1729514336126694_76 (24.716)
sample_1729514360896731_2: signature_1729514336126694_271 (24.778)
sample_1729514360896731_3: signature_1729514336126694_156 (11.180)
sample_1729514360896731_3: signature_1729514336126694_475 (11.201)
sample_1729514360896731_4: signature_1729514336126694_500 (15.326)
sample_1729514360896731_7: signature_1729514336126694_19 (23.198)
sample_1729514360896731_8: signature_1729514336126694_40 (18.784)
sample_1729514360896731_8: signature_1729514336126694_91 (18.851)
sample_1729514360896731_9: signature_1729514336126694_352 (16.211)
sample_1729514360896731_10: signature_1729514336126694_307 (15.357)
sample_1729514360896731_10: signature_1729514336126694_407 (15.375)
sample_1729514360896731_14: signature_1729514336126694_295 (23.324)
sample_1729514360896731_15: signature_1729514336126694_172 (17.124)
sample_1729514360896731_15: signature_1729514336126694_429 (17.159)
sample_1729514360896731_17: signature_1729514336126694_149 (22.362)
sample_1729514360896731_18: signature_1729514336126694_194 (22.341)
sample_1729514360896731_19: signature_1729514336126694_17 (12.654)
sample_1729514360896731_23: signature_1729514336126694_478 (18.866)
sample_1729514360896731_25: signature_1729514336126694_391 (25.381)
sample_1729514360896731_26: signature_1729514336126694_326 (19.764)
sample_1729514360896731_26: signature_1729514336126694_392 (19.844)
sample_1729514360896731_28: signature_1729514336126694_328 (24.849)
sample_1729514360896731_31: signature_1729514336126694_292 (17.061)
sample_1729514360896731_33: signature_1729514336126694_71 (23.344)
sample_1729514360896731_33: signature_1729514336126694_197 (23.332)
sample_1729514360896731_37: signature_1729514336126694_272 (15.199)
(FOR AUTOMATED CHECKING) Total runMatcher time:1.40801s

====> shared_mod...

Starting to read sample FASTQ file
Starting to read signature FASTA file
Read 2020 samples and 500 signatures.
Starting timing and matching...
runMatcher completed.
sample_1729514360896731_1: signature_1729514336126694_454 (25.407)
sample_1729514360896731_2: signature_1729514336126694_76 (24.716)
sample_1729514360896731_2: signature_1729514336126694_271 (24.778)
sample_1729514360896731_3: signature_1729514336126694_156 (11.180)
sample_1729514360896731_3: signature_1729514336126694_475 (11.201)
sample_1729514360896731_4: signature_1729514336126694_500 (15.326)
sample_1729514360896731_7: signature_1729514336126694_19 (23.198)
sample_1729514360896731_8: signature_1729514336126694_40 (18.784)
sample_1729514360896731_8: signature_1729514336126694_91 (18.851)
sample_1729514360896731_9: signature_1729514336126694_352 (16.211)
sample_1729514360896731_10: signature_1729514336126694_307 (15.357)
sample_1729514360896731_10: signature_1729514336126694_407 (15.375)
sample_1729514360896731_14: signature_1729514336126694_295 (23.324)
sample_1729514360896731_15: signature_1729514336126694_172 (17.124)
sample_1729514360896731_15: signature_1729514336126694_429 (17.159)
sample_1729514360896731_17: signature_1729514336126694_149 (22.362)
sample_1729514360896731_18: signature_1729514336126694_194 (22.341)
sample_1729514360896731_19: signature_1729514336126694_17 (12.654)
sample_1729514360896731_23: signature_1729514336126694_478 (18.866)
sample_1729514360896731_25: signature_1729514336126694_391 (25.381)
sample_1729514360896731_26: signature_1729514336126694_326 (19.764)
sample_1729514360896731_26: signature_1729514336126694_392 (19.844)
sample_1729514360896731_28: signature_1729514336126694_328 (24.849)
sample_1729514360896731_31: signature_1729514336126694_292 (17.061)
sample_1729514360896731_33: signature_1729514336126694_71 (23.344)
sample_1729514360896731_33: signature_1729514336126694_197 (23.332)
sample_1729514360896731_37: signature_1729514336126694_272 (15.199)
(FOR AUTOMATED CHECKING) Total runMatcher time:0.898476s

====> 140000

Settings:
  FASTA file: test_signatures.fasta
  Number of samples without virus: 2000
  Number of samples with virus: 20
  Number of viruses: minimum 1 to maximum 2
  Requested sample length: minimum 140000 to maximum 140000
  Average Phred score: 10 to 30
  N ratio: 0.1
  Final sample length values: minimum 140000 to maximum 140000 (after reading virus lengths)

====> Bench...

Starting to read sample FASTQ file
Starting to read signature FASTA file
Read 2020 samples and 500 signatures.
Starting timing and matching...
runMatcher completed.
sample_1729514378897772_2: signature_1729514336126694_140 (25.434)
sample_1729514378897772_3: signature_1729514336126694_404 (25.448)
sample_1729514378897772_4: signature_1729514336126694_445 (11.918)
sample_1729514378897772_5: signature_1729514336126694_312 (18.944)
sample_1729514378897772_6: signature_1729514336126694_80 (18.866)
sample_1729514378897772_6: signature_1729514336126694_288 (18.970)
sample_1729514378897772_13: signature_1729514336126694_50 (22.432)
sample_1729514378897772_16: signature_1729514336126694_377 (10.589)
sample_1729514378897772_17: signature_1729514336126694_184 (11.865)
sample_1729514378897772_17: signature_1729514336126694_426 (11.964)
sample_1729514378897772_19: signature_1729514336126694_342 (13.484)
sample_1729514378897772_19: signature_1729514336126694_370 (13.478)
sample_1729514378897772_24: signature_1729514336126694_320 (12.697)
sample_1729514378897772_25: signature_1729514336126694_117 (23.862)
sample_1729514378897772_26: signature_1729514336126694_119 (18.942)
sample_1729514378897772_26: signature_1729514336126694_220 (18.956)
sample_1729514378897772_28: signature_1729514336126694_34 (10.646)
sample_1729514378897772_29: signature_1729514336126694_188 (18.878)
sample_1729514378897772_29: signature_1729514336126694_290 (18.882)
sample_1729514378897772_31: signature_1729514336126694_306 (25.956)
sample_1729514378897772_31: signature_1729514336126694_495 (26.042)
sample_1729514378897772_33: signature_1729514336126694_325 (18.046)
sample_1729514378897772_34: signature_1729514336126694_266 (13.531)
sample_1729514378897772_36: signature_1729514336126694_64 (22.402)
sample_1729514378897772_37: signature_1729514336126694_44 (13.587)
sample_1729514378897772_38: signature_1729514336126694_402 (19.063)
(FOR AUTOMATED CHECKING) Total runMatcher time:1.55622s

====> shared_mod...

Starting to read sample FASTQ file
Starting to read signature FASTA file
Read 2020 samples and 500 signatures.
Starting timing and matching...
runMatcher completed.
sample_1729514378897772_2: signature_1729514336126694_140 (25.434)
sample_1729514378897772_3: signature_1729514336126694_404 (25.448)
sample_1729514378897772_4: signature_1729514336126694_445 (11.918)
sample_1729514378897772_5: signature_1729514336126694_312 (18.944)
sample_1729514378897772_6: signature_1729514336126694_80 (18.866)
sample_1729514378897772_6: signature_1729514336126694_288 (18.970)
sample_1729514378897772_13: signature_1729514336126694_50 (22.432)
sample_1729514378897772_16: signature_1729514336126694_377 (10.589)
sample_1729514378897772_17: signature_1729514336126694_184 (11.865)
sample_1729514378897772_17: signature_1729514336126694_426 (11.964)
sample_1729514378897772_19: signature_1729514336126694_342 (13.484)
sample_1729514378897772_19: signature_1729514336126694_370 (13.478)
sample_1729514378897772_24: signature_1729514336126694_320 (12.697)
sample_1729514378897772_25: signature_1729514336126694_117 (23.862)
sample_1729514378897772_26: signature_1729514336126694_119 (18.942)
sample_1729514378897772_26: signature_1729514336126694_220 (18.956)
sample_1729514378897772_28: signature_1729514336126694_34 (10.646)
sample_1729514378897772_29: signature_1729514336126694_188 (18.878)
sample_1729514378897772_29: signature_1729514336126694_290 (18.882)
sample_1729514378897772_31: signature_1729514336126694_306 (25.956)
sample_1729514378897772_31: signature_1729514336126694_495 (26.042)
sample_1729514378897772_33: signature_1729514336126694_325 (18.046)
sample_1729514378897772_34: signature_1729514336126694_266 (13.531)
sample_1729514378897772_36: signature_1729514336126694_64 (22.402)
sample_1729514378897772_37: signature_1729514336126694_44 (13.587)
sample_1729514378897772_38: signature_1729514336126694_402 (19.063)
(FOR AUTOMATED CHECKING) Total runMatcher time:1.01719s

====> 160000

Settings:
  FASTA file: test_signatures.fasta
  Number of samples without virus: 2000
  Number of samples with virus: 20
  Number of viruses: minimum 1 to maximum 2
  Requested sample length: minimum 160000 to maximum 160000
  Average Phred score: 10 to 30
  N ratio: 0.1
  Final sample length values: minimum 160000 to maximum 160000 (after reading virus lengths)

====> Bench...

Starting to read sample FASTQ file
Starting to read signature FASTA file
Read 2020 samples and 500 signatures.
Starting timing and matching...
runMatcher completed.
sample_1729514400614443_7: signature_1729514336126694_378 (11.952)
sample_1729514400614443_7: signature_1729514336126694_478 (11.896)
sample_1729514400614443_8: signature_1729514336126694_299 (10.116)
sample_1729514400614443_9: signature_1729514336126694_86 (18.931)
sample_1729514400614443_9: signature_1729514336126694_461 (18.898)
sample_1729514400614443_11: signature_1729514336126694_43 (21.695)
sample_1729514400614443_15: signature_1729514336126694_278 (20.662)
sample_1729514400614443_15: signature_1729514336126694_440 (20.667)
sample_1729514400614443_16: signature_1729514336126694_91 (14.390)
sample_1729514400614443_19: signature_1729514336126694_493 (18.903)
sample_1729514400614443_22: signature_1729514336126694_343 (11.905)
sample_1729514400614443_22: signature_1729514336126694_435 (11.967)
sample_1729514400614443_24: signature_1729514336126694_399 (12.678)
sample_1729514400614443_25: signature_1729514336126694_77 (17.019)
sample_1729514400614443_28: signature_1729514336126694_147 (20.659)
sample_1729514400614443_28: signature_1729514336126694_209 (20.706)
sample_1729514400614443_30: signature_1729514336126694_446 (15.315)
sample_1729514400614443_32: signature_1729514336126694_112 (18.860)
sample_1729514400614443_34: signature_1729514336126694_18 (25.378)
sample_1729514400614443_34: signature_1729514336126694_143 (25.412)
sample_1729514400614443_36: signature_1729514336126694_123 (14.307)
sample_1729514400614443_36: signature_1729514336126694_233 (14.346)
sample_1729514400614443_37: signature_1729514336126694_359 (16.209)
sample_1729514400614443_40: signature_1729514336126694_336 (12.712)
sample_1729514400614443_41: signature_1729514336126694_113 (24.070)
sample_1729514400614443_43: signature_1729514336126694_109 (11.992)
sample_1729514400614443_44: signature_1729514336126694_379 (13.569)
(FOR AUTOMATED CHECKING) Total runMatcher time:1.7287s

====> shared_mod...

Starting to read sample FASTQ file
Starting to read signature FASTA file
Read 2020 samples and 500 signatures.
Starting timing and matching...
runMatcher completed.
sample_1729514400614443_7: signature_1729514336126694_378 (11.952)
sample_1729514400614443_7: signature_1729514336126694_478 (11.896)
sample_1729514400614443_8: signature_1729514336126694_299 (10.116)
sample_1729514400614443_9: signature_1729514336126694_86 (18.931)
sample_1729514400614443_9: signature_1729514336126694_461 (18.898)
sample_1729514400614443_11: signature_1729514336126694_43 (21.695)
sample_1729514400614443_15: signature_1729514336126694_278 (20.662)
sample_1729514400614443_15: signature_1729514336126694_440 (20.667)
sample_1729514400614443_16: signature_1729514336126694_91 (14.390)
sample_1729514400614443_19: signature_1729514336126694_493 (18.903)
sample_1729514400614443_22: signature_1729514336126694_343 (11.905)
sample_1729514400614443_22: signature_1729514336126694_435 (11.967)
sample_1729514400614443_24: signature_1729514336126694_399 (12.678)
sample_1729514400614443_25: signature_1729514336126694_77 (17.019)
sample_1729514400614443_28: signature_1729514336126694_147 (20.659)
sample_1729514400614443_28: signature_1729514336126694_209 (20.706)
sample_1729514400614443_30: signature_1729514336126694_446 (15.315)
sample_1729514400614443_32: signature_1729514336126694_112 (18.860)
sample_1729514400614443_34: signature_1729514336126694_18 (25.378)
sample_1729514400614443_34: signature_1729514336126694_143 (25.412)
sample_1729514400614443_36: signature_1729514336126694_123 (14.307)
sample_1729514400614443_36: signature_1729514336126694_233 (14.346)
sample_1729514400614443_37: signature_1729514336126694_359 (16.209)
sample_1729514400614443_40: signature_1729514336126694_336 (12.712)
sample_1729514400614443_41: signature_1729514336126694_113 (24.070)
sample_1729514400614443_43: signature_1729514336126694_109 (11.992)
sample_1729514400614443_44: signature_1729514336126694_379 (13.569)
(FOR AUTOMATED CHECKING) Total runMatcher time:1.12297s

====> 180000

Settings:
  FASTA file: test_signatures.fasta
  Number of samples without virus: 2000
  Number of samples with virus: 20
  Number of viruses: minimum 1 to maximum 2
  Requested sample length: minimum 180000 to maximum 180000
  Average Phred score: 10 to 30
  N ratio: 0.1
  Final sample length values: minimum 180000 to maximum 180000 (after reading virus lengths)

====> Bench...

Starting to read sample FASTQ file
Starting to read signature FASTA file
Read 2020 samples and 500 signatures.
Starting timing and matching...
runMatcher completed.
sample_1729514424539080_2: signature_1729514336126694_385 (15.383)
sample_1729514424539080_5: signature_1729514336126694_461 (21.517)
sample_1729514424539080_7: signature_1729514336126694_289 (25.329)
sample_1729514424539080_8: signature_1729514336126694_164 (22.682)
sample_1729514424539080_9: signature_1729514336126694_193 (23.302)
sample_1729514424539080_11: signature_1729514336126694_48 (14.373)
sample_1729514424539080_16: signature_1729514336126694_29 (23.949)
sample_1729514424539080_16: signature_1729514336126694_367 (24.132)
sample_1729514424539080_17: signature_1729514336126694_38 (22.454)
sample_1729514424539080_17: signature_1729514336126694_178 (22.499)
sample_1729514424539080_19: signature_1729514336126694_389 (22.417)
sample_1729514424539080_24: signature_1729514336126694_440 (24.039)
sample_1729514424539080_25: signature_1729514336126694_235 (22.401)
sample_1729514424539080_27: signature_1729514336126694_164 (16.339)
sample_1729514424539080_28: signature_1729514336126694_326 (18.853)
sample_1729514424539080_29: signature_1729514336126694_251 (10.570)
sample_1729514424539080_31: signature_1729514336126694_31 (17.092)
sample_1729514424539080_32: signature_1729514336126694_170 (16.911)
sample_1729514424539080_33: signature_1729514336126694_234 (10.653)
sample_1729514424539080_33: signature_1729514336126694_286 (10.592)
sample_1729514424539080_34: signature_1729514336126694_213 (19.817)
sample_1729514424539080_34: signature_1729514336126694_491 (19.813)
sample_1729514424539080_35: signature_1729514336126694_488 (25.323)
sample_1729514424539080_36: signature_1729514336126694_247 (24.029)
(FOR AUTOMATED CHECKING) Total runMatcher time:1.91461s

====> shared_mod...

Starting to read sample FASTQ file
Starting to read signature FASTA file
Read 2020 samples and 500 signatures.
Starting timing and matching...
runMatcher completed.
sample_1729514424539080_2: signature_1729514336126694_385 (15.383)
sample_1729514424539080_5: signature_1729514336126694_461 (21.517)
sample_1729514424539080_7: signature_1729514336126694_289 (25.329)
sample_1729514424539080_8: signature_1729514336126694_164 (22.682)
sample_1729514424539080_9: signature_1729514336126694_193 (23.302)
sample_1729514424539080_11: signature_1729514336126694_48 (14.373)
sample_1729514424539080_16: signature_1729514336126694_29 (23.949)
sample_1729514424539080_16: signature_1729514336126694_367 (24.132)
sample_1729514424539080_17: signature_1729514336126694_38 (22.454)
sample_1729514424539080_17: signature_1729514336126694_178 (22.499)
sample_1729514424539080_19: signature_1729514336126694_389 (22.417)
sample_1729514424539080_24: signature_1729514336126694_440 (24.039)
sample_1729514424539080_25: signature_1729514336126694_235 (22.401)
sample_1729514424539080_27: signature_1729514336126694_164 (16.339)
sample_1729514424539080_28: signature_1729514336126694_326 (18.853)
sample_1729514424539080_29: signature_1729514336126694_251 (10.570)
sample_1729514424539080_31: signature_1729514336126694_31 (17.092)
sample_1729514424539080_32: signature_1729514336126694_170 (16.911)
sample_1729514424539080_33: signature_1729514336126694_234 (10.653)
sample_1729514424539080_33: signature_1729514336126694_286 (10.592)
sample_1729514424539080_34: signature_1729514336126694_213 (19.817)
sample_1729514424539080_34: signature_1729514336126694_491 (19.813)
sample_1729514424539080_35: signature_1729514336126694_488 (25.323)
sample_1729514424539080_36: signature_1729514336126694_247 (24.029)
(FOR AUTOMATED CHECKING) Total runMatcher time:1.21816s

====> 200000

Settings:
  FASTA file: test_signatures.fasta
  Number of samples without virus: 2000
  Number of samples with virus: 20
  Number of viruses: minimum 1 to maximum 2
  Requested sample length: minimum 200000 to maximum 200000
  Average Phred score: 10 to 30
  N ratio: 0.1
  Final sample length values: minimum 200000 to maximum 200000 (after reading virus lengths)

====> Bench...

Starting to read sample FASTQ file
Starting to read signature FASTA file
Read 2020 samples and 500 signatures.
Starting timing and matching...
runMatcher completed.
sample_1729514451398314_2: signature_1729514336126694_25 (22.341)
sample_1729514451398314_3: signature_1729514336126694_303 (13.481)
sample_1729514451398314_6: signature_1729514336126694_217 (23.342)
sample_1729514451398314_7: signature_1729514336126694_188 (11.190)
sample_1729514451398314_7: signature_1729514336126694_310 (11.234)
sample_1729514451398314_9: signature_1729514336126694_467 (18.915)
sample_1729514451398314_10: signature_1729514336126694_298 (14.503)
sample_1729514451398314_11: signature_1729514336126694_361 (24.660)
sample_1729514451398314_11: signature_1729514336126694_416 (24.815)
sample_1729514451398314_12: signature_1729514336126694_242 (17.009)
sample_1729514451398314_13: signature_1729514336126694_459 (17.049)
sample_1729514451398314_14: signature_1729514336126694_60 (20.674)
sample_1729514451398314_14: signature_1729514336126694_76 (20.626)
sample_1729514451398314_15: signature_1729514336126694_277 (11.926)
sample_1729514451398314_15: signature_1729514336126694_482 (11.922)
sample_1729514451398314_16: signature_1729514336126694_72 (12.016)
sample_1729514451398314_16: signature_1729514336126694_156 (11.855)
sample_1729514451398314_18: signature_1729514336126694_338 (17.930)
sample_1729514451398314_19: signature_1729514336126694_432 (15.345)
sample_1729514451398314_22: signature_1729514336126694_210 (11.264)
sample_1729514451398314_22: signature_1729514336126694_431 (11.153)
sample_1729514451398314_24: signature_1729514336126694_453 (24.820)
sample_1729514451398314_25: signature_1729514336126694_45 (26.034)
sample_1729514451398314_25: signature_1729514336126694_229 (26.057)
sample_1729514451398314_27: signature_1729514336126694_433 (14.395)
sample_1729514451398314_31: signature_1729514336126694_436 (18.065)
sample_1729514451398314_31: signature_1729514336126694_491 (18.021)
sample_1729514451398314_34: signature_1729514336126694_372 (18.968)
sample_1729514451398314_34: signature_1729514336126694_465 (18.953)
(FOR AUTOMATED CHECKING) Total runMatcher time:2.10978s

====> shared_mod...

Starting to read sample FASTQ file
Starting to read signature FASTA file
Read 2020 samples and 500 signatures.
Starting timing and matching...
runMatcher completed.
sample_1729514451398314_2: signature_1729514336126694_25 (22.341)
sample_1729514451398314_3: signature_1729514336126694_303 (13.481)
sample_1729514451398314_6: signature_1729514336126694_217 (23.342)
sample_1729514451398314_7: signature_1729514336126694_188 (11.190)
sample_1729514451398314_7: signature_1729514336126694_310 (11.234)
sample_1729514451398314_9: signature_1729514336126694_467 (18.915)
sample_1729514451398314_10: signature_1729514336126694_298 (14.503)
sample_1729514451398314_11: signature_1729514336126694_361 (24.660)
sample_1729514451398314_11: signature_1729514336126694_416 (24.815)
sample_1729514451398314_12: signature_1729514336126694_242 (17.009)
sample_1729514451398314_13: signature_1729514336126694_459 (17.049)
sample_1729514451398314_14: signature_1729514336126694_60 (20.674)
sample_1729514451398314_14: signature_1729514336126694_76 (20.626)
sample_1729514451398314_15: signature_1729514336126694_277 (11.926)
sample_1729514451398314_15: signature_1729514336126694_482 (11.922)
sample_1729514451398314_16: signature_1729514336126694_72 (12.016)
sample_1729514451398314_16: signature_1729514336126694_156 (11.855)
sample_1729514451398314_18: signature_1729514336126694_338 (17.930)
sample_1729514451398314_19: signature_1729514336126694_432 (15.345)
sample_1729514451398314_22: signature_1729514336126694_210 (11.264)
sample_1729514451398314_22: signature_1729514336126694_431 (11.153)
sample_1729514451398314_24: signature_1729514336126694_453 (24.820)
sample_1729514451398314_25: signature_1729514336126694_45 (26.034)
sample_1729514451398314_25: signature_1729514336126694_229 (26.057)
sample_1729514451398314_27: signature_1729514336126694_433 (14.395)
sample_1729514451398314_31: signature_1729514336126694_436 (18.065)
sample_1729514451398314_31: signature_1729514336126694_491 (18.021)
sample_1729514451398314_34: signature_1729514336126694_372 (18.968)
sample_1729514451398314_34: signature_1729514336126694_465 (18.953)
(FOR AUTOMATED CHECKING) Total runMatcher time:1.37439s

====> 250000

Settings:
  FASTA file: test_signatures.fasta
  Number of samples without virus: 2000
  Number of samples with virus: 20
  Number of viruses: minimum 1 to maximum 2
  Requested sample length: minimum 250000 to maximum 250000
  Average Phred score: 10 to 30
  N ratio: 0.1
  Final sample length values: minimum 250000 to maximum 250000 (after reading virus lengths)

====> Bench...

Starting to read sample FASTQ file
Starting to read signature FASTA file
Read 2020 samples and 500 signatures.
Starting timing and matching...
runMatcher completed.
sample_1729514481040331_3: signature_1729514336126694_179 (13.453)
sample_1729514481040331_3: signature_1729514336126694_487 (13.455)
sample_1729514481040331_4: signature_1729514336126694_402 (24.978)
sample_1729514481040331_7: signature_1729514336126694_36 (19.746)
sample_1729514481040331_8: signature_1729514336126694_220 (11.910)
sample_1729514481040331_9: signature_1729514336126694_431 (10.085)
sample_1729514481040331_9: signature_1729514336126694_486 (10.068)
sample_1729514481040331_10: signature_1729514336126694_429 (18.102)
sample_1729514481040331_14: signature_1729514336126694_368 (24.114)
sample_1729514481040331_18: signature_1729514336126694_417 (20.753)
sample_1729514481040331_18: signature_1729514336126694_463 (20.675)
sample_1729514481040331_19: signature_1729514336126694_453 (22.423)
sample_1729514481040331_21: signature_1729514336126694_430 (11.221)
sample_1729514481040331_23: signature_1729514336126694_142 (25.378)
sample_1729514481040331_23: signature_1729514336126694_157 (25.341)
sample_1729514481040331_25: signature_1729514336126694_402 (11.286)
sample_1729514481040331_27: signature_1729514336126694_285 (25.870)
sample_1729514481040331_28: signature_1729514336126694_241 (18.814)
sample_1729514481040331_32: signature_1729514336126694_397 (25.426)
sample_1729514481040331_35: signature_1729514336126694_226 (19.879)
sample_1729514481040331_36: signature_1729514336126694_15 (25.899)
sample_1729514481040331_37: signature_1729514336126694_74 (22.377)
sample_1729514481040331_38: signature_1729514336126694_38 (10.612)
sample_1729514481040331_39: signature_1729514336126694_32 (16.219)
(FOR AUTOMATED CHECKING) Total runMatcher time:2.55503s

====> shared_mod...

Starting to read sample FASTQ file
Starting to read signature FASTA file
Read 2020 samples and 500 signatures.
Starting timing and matching...
runMatcher completed.
sample_1729514481040331_3: signature_1729514336126694_179 (13.453)
sample_1729514481040331_3: signature_1729514336126694_487 (13.455)
sample_1729514481040331_4: signature_1729514336126694_402 (24.978)
sample_1729514481040331_7: signature_1729514336126694_36 (19.746)
sample_1729514481040331_8: signature_1729514336126694_220 (11.910)
sample_1729514481040331_9: signature_1729514336126694_431 (10.085)
sample_1729514481040331_9: signature_1729514336126694_486 (10.068)
sample_1729514481040331_10: signature_1729514336126694_429 (18.102)
sample_1729514481040331_14: signature_1729514336126694_368 (24.114)
sample_1729514481040331_18: signature_1729514336126694_417 (20.753)
sample_1729514481040331_18: signature_1729514336126694_463 (20.675)
sample_1729514481040331_19: signature_1729514336126694_453 (22.423)
sample_1729514481040331_21: signature_1729514336126694_430 (11.221)
sample_1729514481040331_23: signature_1729514336126694_142 (25.378)
sample_1729514481040331_23: signature_1729514336126694_157 (25.341)
sample_1729514481040331_25: signature_1729514336126694_402 (11.286)
sample_1729514481040331_27: signature_1729514336126694_285 (25.870)
sample_1729514481040331_28: signature_1729514336126694_241 (18.814)
sample_1729514481040331_32: signature_1729514336126694_397 (25.426)
sample_1729514481040331_35: signature_1729514336126694_226 (19.879)
sample_1729514481040331_36: signature_1729514336126694_15 (25.899)
sample_1729514481040331_37: signature_1729514336126694_74 (22.377)
sample_1729514481040331_38: signature_1729514336126694_38 (10.612)
sample_1729514481040331_39: signature_1729514336126694_32 (16.219)
(FOR AUTOMATED CHECKING) Total runMatcher time:1.61144s

====> Finished...

