a100 Job is running on xgph16, started at Mon Oct 21 09:50:45 PM +08 2024
NVCC info: nvcc: NVIDIA (R) Cuda compiler driver
Copyright (c) 2005-2024 NVIDIA Corporation
Built on Thu_Mar_28_02:18:24_PDT_2024
Cuda compilation tools, release 12.4, V12.4.131
Build cuda_12.4.r12.4/compiler.34097967_0

====> Compiling...


====> 1000

Settings:
  FASTA file: test_signatures.fasta
  Number of samples without virus: 2000
  Number of samples with virus: 20
  Number of viruses: minimum 1 to maximum 2
  Requested sample length: minimum 200000 to maximum 200000
  Average Phred score: 10 to 30
  N ratio: 0.1
  Final sample length values: minimum 200000 to maximum 200000 (after reading virus lengths)

====> Bench...

Starting to read sample FASTQ file
Starting to read signature FASTA file
Read 2020 samples and 500 signatures.
Starting timing and matching...
runMatcher completed.
sample_1729518654165263_1: signature_1729518653878480_74 (16.656)
sample_1729518654165263_1: signature_1729518653878480_432 (16.418)
sample_1729518654165263_3: signature_1729518653878480_395 (25.462)
sample_1729518654165263_4: signature_1729518653878480_33 (22.679)
sample_1729518654165263_5: signature_1729518653878480_221 (20.569)
sample_1729518654165263_5: signature_1729518653878480_404 (20.829)
sample_1729518654165263_6: signature_1729518653878480_227 (25.012)
sample_1729518654165263_11: signature_1729518653878480_494 (25.676)
sample_1729518654165263_13: signature_1729518653878480_435 (15.516)
sample_1729518654165263_14: signature_1729518653878480_326 (10.595)
sample_1729518654165263_14: signature_1729518653878480_350 (10.522)
sample_1729518654165263_16: signature_1729518653878480_10 (10.660)
sample_1729518654165263_17: signature_1729518653878480_6 (11.706)
sample_1729518654165263_19: signature_1729518653878480_289 (24.132)
sample_1729518654165263_23: signature_1729518653878480_104 (13.581)
sample_1729518654165263_27: signature_1729518653878480_121 (12.540)
sample_1729518654165263_28: signature_1729518653878480_177 (21.506)
sample_1729518654165263_32: signature_1729518653878480_274 (26.189)
sample_1729518654165263_36: signature_1729518653878480_3 (20.407)
sample_1729518654165263_42: signature_1729518653878480_486 (14.378)
sample_1729518654165263_43: signature_1729518653878480_25 (11.198)
sample_1729518654165263_44: signature_1729518653878480_272 (18.832)
sample_1729518654165263_44: signature_1729518653878480_387 (18.832)
sample_1729518654165263_46: signature_1729518653878480_23 (24.247)
sample_1729518654165263_46: signature_1729518653878480_209 (24.124)
(FOR AUTOMATED CHECKING) Total runMatcher time:7.03467s

====> shared_mod...

Starting to read sample FASTQ file
Starting to read signature FASTA file
Read 2020 samples and 500 signatures.
Starting timing and matching...
runMatcher completed.
sample_1729518654165263_1: signature_1729518653878480_74 (16.656)
sample_1729518654165263_1: signature_1729518653878480_432 (16.418)
sample_1729518654165263_3: signature_1729518653878480_395 (25.462)
sample_1729518654165263_4: signature_1729518653878480_33 (22.679)
sample_1729518654165263_5: signature_1729518653878480_221 (20.569)
sample_1729518654165263_5: signature_1729518653878480_404 (20.829)
sample_1729518654165263_6: signature_1729518653878480_227 (25.012)
sample_1729518654165263_11: signature_1729518653878480_494 (25.676)
sample_1729518654165263_13: signature_1729518653878480_435 (15.516)
sample_1729518654165263_14: signature_1729518653878480_326 (10.595)
sample_1729518654165263_14: signature_1729518653878480_350 (10.522)
sample_1729518654165263_16: signature_1729518653878480_10 (10.660)
sample_1729518654165263_17: signature_1729518653878480_6 (11.706)
sample_1729518654165263_19: signature_1729518653878480_289 (24.132)
sample_1729518654165263_23: signature_1729518653878480_104 (13.581)
sample_1729518654165263_27: signature_1729518653878480_121 (12.540)
sample_1729518654165263_28: signature_1729518653878480_177 (21.506)
sample_1729518654165263_32: signature_1729518653878480_274 (26.189)
sample_1729518654165263_36: signature_1729518653878480_3 (20.407)
sample_1729518654165263_42: signature_1729518653878480_486 (14.378)
sample_1729518654165263_43: signature_1729518653878480_25 (11.198)
sample_1729518654165263_44: signature_1729518653878480_272 (18.832)
sample_1729518654165263_44: signature_1729518653878480_387 (18.832)
sample_1729518654165263_46: signature_1729518653878480_23 (24.247)
sample_1729518654165263_46: signature_1729518653878480_209 (24.124)
(FOR AUTOMATED CHECKING) Total runMatcher time:3.66279s

====> 3000

Settings:
  FASTA file: test_signatures.fasta
  Number of samples without virus: 2000
  Number of samples with virus: 20
  Number of viruses: minimum 1 to maximum 2
  Requested sample length: minimum 200000 to maximum 200000
  Average Phred score: 10 to 30
  N ratio: 0.1
  Final sample length values: minimum 200000 to maximum 200000 (after reading virus lengths)

====> Bench...

Starting to read sample FASTQ file
Starting to read signature FASTA file
Read 2020 samples and 500 signatures.
Starting timing and matching...
runMatcher completed.
sample_1729518699777306_2: signature_1729518699311717_122 (22.580)
sample_1729518699777306_3: signature_1729518699311717_386 (19.163)
sample_1729518699777306_5: signature_1729518699311717_162 (10.019)
sample_1729518699777306_5: signature_1729518699311717_201 (10.232)
sample_1729518699777306_6: signature_1729518699311717_403 (22.355)
sample_1729518699777306_11: signature_1729518699311717_310 (15.190)
sample_1729518699777306_11: signature_1729518699311717_358 (15.287)
sample_1729518699777306_13: signature_1729518699311717_31 (23.105)
sample_1729518699777306_13: signature_1729518699311717_319 (23.352)
sample_1729518699777306_14: signature_1729518699311717_139 (14.446)
sample_1729518699777306_15: signature_1729518699311717_14 (16.192)
sample_1729518699777306_16: signature_1729518699311717_59 (12.039)
sample_1729518699777306_17: signature_1729518699311717_203 (11.166)
sample_1729518699777306_18: signature_1729518699311717_253 (21.744)
sample_1729518699777306_18: signature_1729518699311717_278 (21.343)
sample_1729518699777306_21: signature_1729518699311717_31 (18.841)
sample_1729518699777306_21: signature_1729518699311717_141 (18.805)
sample_1729518699777306_22: signature_1729518699311717_53 (25.959)
sample_1729518699777306_26: signature_1729518699311717_236 (14.287)
sample_1729518699777306_41: signature_1729518699311717_433 (17.017)
sample_1729518699777306_42: signature_1729518699311717_368 (17.037)
sample_1729518699777306_45: signature_1729518699311717_498 (14.459)
sample_1729518699777306_47: signature_1729518699311717_16 (18.966)
sample_1729518699777306_47: signature_1729518699311717_450 (18.922)
sample_1729518699777306_50: signature_1729518699311717_454 (15.399)
sample_1729518699777306_52: signature_1729518699311717_236 (11.174)
sample_1729518699777306_52: signature_1729518699311717_484 (11.209)
(FOR AUTOMATED CHECKING) Total runMatcher time:7.14492s

====> shared_mod...

Starting to read sample FASTQ file
Starting to read signature FASTA file
Read 2020 samples and 500 signatures.
Starting timing and matching...
runMatcher completed.
sample_1729518699777306_2: signature_1729518699311717_122 (22.580)
sample_1729518699777306_3: signature_1729518699311717_386 (19.163)
sample_1729518699777306_5: signature_1729518699311717_162 (10.019)
sample_1729518699777306_5: signature_1729518699311717_201 (10.232)
sample_1729518699777306_6: signature_1729518699311717_403 (22.355)
sample_1729518699777306_11: signature_1729518699311717_310 (15.190)
sample_1729518699777306_11: signature_1729518699311717_358 (15.287)
sample_1729518699777306_13: signature_1729518699311717_31 (23.105)
sample_1729518699777306_13: signature_1729518699311717_319 (23.352)
sample_1729518699777306_14: signature_1729518699311717_139 (14.446)
sample_1729518699777306_15: signature_1729518699311717_14 (16.192)
sample_1729518699777306_16: signature_1729518699311717_59 (12.039)
sample_1729518699777306_17: signature_1729518699311717_203 (11.166)
sample_1729518699777306_18: signature_1729518699311717_253 (21.744)
sample_1729518699777306_18: signature_1729518699311717_278 (21.343)
sample_1729518699777306_21: signature_1729518699311717_31 (18.841)
sample_1729518699777306_21: signature_1729518699311717_141 (18.805)
sample_1729518699777306_22: signature_1729518699311717_53 (25.959)
sample_1729518699777306_26: signature_1729518699311717_236 (14.287)
sample_1729518699777306_41: signature_1729518699311717_433 (17.017)
sample_1729518699777306_42: signature_1729518699311717_368 (17.037)
sample_1729518699777306_45: signature_1729518699311717_498 (14.459)
sample_1729518699777306_47: signature_1729518699311717_16 (18.966)
sample_1729518699777306_47: signature_1729518699311717_450 (18.922)
sample_1729518699777306_50: signature_1729518699311717_454 (15.399)
sample_1729518699777306_52: signature_1729518699311717_236 (11.174)
sample_1729518699777306_52: signature_1729518699311717_484 (11.209)
(FOR AUTOMATED CHECKING) Total runMatcher time:3.63848s

====> 5000

Settings:
  FASTA file: test_signatures.fasta
  Number of samples without virus: 2000
  Number of samples with virus: 20
  Number of viruses: minimum 1 to maximum 2
  Requested sample length: minimum 200000 to maximum 200000
  Average Phred score: 10 to 30
  N ratio: 0.1
  Final sample length values: minimum 200000 to maximum 200000 (after reading virus lengths)

====> Bench...

Starting to read sample FASTQ file
Starting to read signature FASTA file
Read 2020 samples and 500 signatures.
Starting timing and matching...
runMatcher completed.
sample_1729518797483838_3: signature_1729518796446564_400 (24.146)
sample_1729518797483838_5: signature_1729518796446564_478 (12.749)
sample_1729518797483838_6: signature_1729518796446564_226 (16.040)
sample_1729518797483838_7: signature_1729518796446564_376 (13.562)
sample_1729518797483838_8: signature_1729518796446564_68 (14.495)
sample_1729518797483838_10: signature_1729518796446564_343 (25.041)
sample_1729518797483838_13: signature_1729518796446564_155 (17.084)
sample_1729518797483838_14: signature_1729518796446564_81 (11.279)
sample_1729518797483838_19: signature_1729518796446564_171 (18.855)
sample_1729518797483838_24: signature_1729518796446564_49 (24.089)
sample_1729518797483838_25: signature_1729518796446564_475 (19.855)
sample_1729518797483838_30: signature_1729518796446564_91 (25.303)
sample_1729518797483838_30: signature_1729518796446564_246 (25.483)
sample_1729518797483838_31: signature_1729518796446564_287 (19.807)
sample_1729518797483838_33: signature_1729518796446564_61 (23.922)
sample_1729518797483838_33: signature_1729518796446564_240 (24.064)
sample_1729518797483838_34: signature_1729518796446564_322 (24.653)
sample_1729518797483838_35: signature_1729518796446564_351 (25.806)
sample_1729518797483838_36: signature_1729518796446564_236 (12.646)
sample_1729518797483838_36: signature_1729518796446564_331 (12.868)
sample_1729518797483838_40: signature_1729518796446564_221 (14.475)
sample_1729518797483838_44: signature_1729518796446564_51 (19.698)
sample_1729518797483838_45: signature_1729518796446564_373 (13.497)
(FOR AUTOMATED CHECKING) Total runMatcher time:7.32565s

====> shared_mod...

Starting to read sample FASTQ file
Starting to read signature FASTA file
Read 2020 samples and 500 signatures.
Starting timing and matching...
runMatcher completed.
sample_1729518797483838_3: signature_1729518796446564_400 (24.146)
sample_1729518797483838_5: signature_1729518796446564_478 (12.749)
sample_1729518797483838_6: signature_1729518796446564_226 (16.040)
sample_1729518797483838_7: signature_1729518796446564_376 (13.562)
sample_1729518797483838_8: signature_1729518796446564_68 (14.495)
sample_1729518797483838_10: signature_1729518796446564_343 (25.041)
sample_1729518797483838_13: signature_1729518796446564_155 (17.084)
sample_1729518797483838_14: signature_1729518796446564_81 (11.279)
sample_1729518797483838_19: signature_1729518796446564_171 (18.855)
sample_1729518797483838_24: signature_1729518796446564_49 (24.089)
sample_1729518797483838_25: signature_1729518796446564_475 (19.855)
sample_1729518797483838_30: signature_1729518796446564_91 (25.303)
sample_1729518797483838_30: signature_1729518796446564_246 (25.483)
sample_1729518797483838_31: signature_1729518796446564_287 (19.807)
sample_1729518797483838_33: signature_1729518796446564_61 (23.922)
sample_1729518797483838_33: signature_1729518796446564_240 (24.064)
sample_1729518797483838_34: signature_1729518796446564_322 (24.653)
sample_1729518797483838_35: signature_1729518796446564_351 (25.806)
sample_1729518797483838_36: signature_1729518796446564_236 (12.646)
sample_1729518797483838_36: signature_1729518796446564_331 (12.868)
sample_1729518797483838_40: signature_1729518796446564_221 (14.475)
sample_1729518797483838_44: signature_1729518796446564_51 (19.698)
sample_1729518797483838_45: signature_1729518796446564_373 (13.497)
(FOR AUTOMATED CHECKING) Total runMatcher time:3.5758s

====> 7000

Settings:
  FASTA file: test_signatures.fasta
  Number of samples without virus: 2000
  Number of samples with virus: 20
  Number of viruses: minimum 1 to maximum 2
  Requested sample length: minimum 200000 to maximum 200000
  Average Phred score: 10 to 30
  N ratio: 0.1
  Final sample length values: minimum 200000 to maximum 200000 (after reading virus lengths)

====> Bench...

Starting to read sample FASTQ file
Starting to read signature FASTA file
Read 2020 samples and 500 signatures.
Starting timing and matching...
runMatcher completed.
sample_1729518895623386_4: signature_1729518895221627_411 (25.393)
sample_1729518895623386_5: signature_1729518895221627_216 (22.494)
sample_1729518895623386_8: signature_1729518895221627_400 (16.241)
sample_1729518895623386_8: signature_1729518895221627_432 (16.216)
sample_1729518895623386_10: signature_1729518895221627_451 (13.648)
sample_1729518895623386_11: signature_1729518895221627_489 (24.083)
sample_1729518895623386_12: signature_1729518895221627_114 (11.899)
sample_1729518895623386_15: signature_1729518895221627_18 (14.447)
sample_1729518895623386_15: signature_1729518895221627_22 (14.339)
sample_1729518895623386_16: signature_1729518895221627_75 (10.631)
sample_1729518895623386_17: signature_1729518895221627_69 (25.902)
sample_1729518895623386_18: signature_1729518895221627_166 (17.916)
sample_1729518895623386_18: signature_1729518895221627_234 (18.083)
sample_1729518895623386_19: signature_1729518895221627_402 (24.181)
sample_1729518895623386_20: signature_1729518895221627_350 (13.461)
sample_1729518895623386_22: signature_1729518895221627_260 (19.015)
sample_1729518895623386_22: signature_1729518895221627_454 (18.761)
sample_1729518895623386_24: signature_1729518895221627_350 (10.017)
sample_1729518895623386_26: signature_1729518895221627_381 (14.487)
sample_1729518895623386_28: signature_1729518895221627_248 (24.688)
sample_1729518895623386_34: signature_1729518895221627_201 (12.671)
sample_1729518895623386_34: signature_1729518895221627_203 (12.647)
sample_1729518895623386_35: signature_1729518895221627_130 (25.876)
sample_1729518895623386_36: signature_1729518895221627_129 (23.263)
sample_1729518895623386_37: signature_1729518895221627_363 (18.832)
(FOR AUTOMATED CHECKING) Total runMatcher time:6.66031s

====> shared_mod...

Starting to read sample FASTQ file
Starting to read signature FASTA file
Read 2020 samples and 500 signatures.
Starting timing and matching...
runMatcher completed.
sample_1729518895623386_4: signature_1729518895221627_411 (25.393)
sample_1729518895623386_5: signature_1729518895221627_216 (22.494)
sample_1729518895623386_8: signature_1729518895221627_400 (16.241)
sample_1729518895623386_8: signature_1729518895221627_432 (16.216)
sample_1729518895623386_10: signature_1729518895221627_451 (13.648)
sample_1729518895623386_11: signature_1729518895221627_489 (24.083)
sample_1729518895623386_12: signature_1729518895221627_114 (11.899)
sample_1729518895623386_15: signature_1729518895221627_18 (14.447)
sample_1729518895623386_15: signature_1729518895221627_22 (14.339)
sample_1729518895623386_16: signature_1729518895221627_75 (10.631)
sample_1729518895623386_17: signature_1729518895221627_69 (25.902)
sample_1729518895623386_18: signature_1729518895221627_166 (17.916)
sample_1729518895623386_18: signature_1729518895221627_234 (18.083)
sample_1729518895623386_19: signature_1729518895221627_402 (24.181)
sample_1729518895623386_20: signature_1729518895221627_350 (13.461)
sample_1729518895623386_22: signature_1729518895221627_260 (19.015)
sample_1729518895623386_22: signature_1729518895221627_454 (18.761)
sample_1729518895623386_24: signature_1729518895221627_350 (10.017)
sample_1729518895623386_26: signature_1729518895221627_381 (14.487)
sample_1729518895623386_28: signature_1729518895221627_248 (24.688)
sample_1729518895623386_34: signature_1729518895221627_201 (12.671)
sample_1729518895623386_34: signature_1729518895221627_203 (12.647)
sample_1729518895623386_35: signature_1729518895221627_130 (25.876)
sample_1729518895623386_36: signature_1729518895221627_129 (23.263)
sample_1729518895623386_37: signature_1729518895221627_363 (18.832)
(FOR AUTOMATED CHECKING) Total runMatcher time:3.47842s

====> 9000

Settings:
  FASTA file: test_signatures.fasta
  Number of samples without virus: 2000
  Number of samples with virus: 20
  Number of viruses: minimum 1 to maximum 2
  Requested sample length: minimum 200000 to maximum 200000
  Average Phred score: 10 to 30
  N ratio: 0.1
  Final sample length values: minimum 200000 to maximum 200000 (after reading virus lengths)

====> Bench...

Starting to read sample FASTQ file
Starting to read signature FASTA file
Read 2020 samples and 500 signatures.
Starting timing and matching...
runMatcher completed.
sample_1729518941408925_1: signature_1729518940888944_161 (19.668)
sample_1729518941408925_1: signature_1729518940888944_312 (19.782)
sample_1729518941408925_3: signature_1729518940888944_318 (25.981)
sample_1729518941408925_3: signature_1729518940888944_417 (25.828)
sample_1729518941408925_4: signature_1729518940888944_1 (11.095)
sample_1729518941408925_4: signature_1729518940888944_266 (11.231)
sample_1729518941408925_5: signature_1729518940888944_360 (18.870)
sample_1729518941408925_6: signature_1729518940888944_498 (25.347)
sample_1729518941408925_9: signature_1729518940888944_466 (24.017)
sample_1729518941408925_16: signature_1729518940888944_487 (19.871)
sample_1729518941408925_17: signature_1729518940888944_165 (18.927)
sample_1729518941408925_20: signature_1729518940888944_158 (24.174)
sample_1729518941408925_24: signature_1729518940888944_364 (23.978)
sample_1729518941408925_26: signature_1729518940888944_323 (12.663)
sample_1729518941408925_30: signature_1729518940888944_405 (23.193)
sample_1729518941408925_31: signature_1729518940888944_192 (10.574)
sample_1729518941408925_31: signature_1729518940888944_409 (10.586)
sample_1729518941408925_32: signature_1729518940888944_496 (10.541)
sample_1729518941408925_36: signature_1729518940888944_435 (20.669)
sample_1729518941408925_40: signature_1729518940888944_331 (12.689)
sample_1729518941408925_41: signature_1729518940888944_265 (22.563)
sample_1729518941408925_42: signature_1729518940888944_71 (15.292)
sample_1729518941408925_42: signature_1729518940888944_309 (15.321)
sample_1729518941408925_44: signature_1729518940888944_312 (23.193)
sample_1729518941408925_46: signature_1729518940888944_155 (22.546)
(FOR AUTOMATED CHECKING) Total runMatcher time:7.03232s

====> shared_mod...

Starting to read sample FASTQ file
Starting to read signature FASTA file
Read 2020 samples and 500 signatures.
Starting timing and matching...
runMatcher completed.
sample_1729518941408925_1: signature_1729518940888944_161 (19.668)
sample_1729518941408925_1: signature_1729518940888944_312 (19.782)
sample_1729518941408925_3: signature_1729518940888944_318 (25.981)
sample_1729518941408925_3: signature_1729518940888944_417 (25.828)
sample_1729518941408925_4: signature_1729518940888944_1 (11.095)
sample_1729518941408925_4: signature_1729518940888944_266 (11.231)
sample_1729518941408925_5: signature_1729518940888944_360 (18.870)
sample_1729518941408925_6: signature_1729518940888944_498 (25.347)
sample_1729518941408925_9: signature_1729518940888944_466 (24.017)
sample_1729518941408925_16: signature_1729518940888944_487 (19.871)
sample_1729518941408925_17: signature_1729518940888944_165 (18.927)
sample_1729518941408925_20: signature_1729518940888944_158 (24.174)
sample_1729518941408925_24: signature_1729518940888944_364 (23.978)
sample_1729518941408925_26: signature_1729518940888944_323 (12.663)
sample_1729518941408925_30: signature_1729518940888944_405 (23.193)
sample_1729518941408925_31: signature_1729518940888944_192 (10.574)
sample_1729518941408925_31: signature_1729518940888944_409 (10.586)
sample_1729518941408925_32: signature_1729518940888944_496 (10.541)
sample_1729518941408925_36: signature_1729518940888944_435 (20.669)
sample_1729518941408925_40: signature_1729518940888944_331 (12.689)
sample_1729518941408925_41: signature_1729518940888944_265 (22.563)
sample_1729518941408925_42: signature_1729518940888944_71 (15.292)
sample_1729518941408925_42: signature_1729518940888944_309 (15.321)
sample_1729518941408925_44: signature_1729518940888944_312 (23.193)
sample_1729518941408925_46: signature_1729518940888944_155 (22.546)
(FOR AUTOMATED CHECKING) Total runMatcher time:3.54147s

====> 11000

Settings:
  FASTA file: test_signatures.fasta
  Number of samples without virus: 2000
  Number of samples with virus: 20
  Number of viruses: minimum 1 to maximum 2
  Requested sample length: minimum 200000 to maximum 200000
  Average Phred score: 10 to 30
  N ratio: 0.1
  Final sample length values: minimum 200000 to maximum 200000 (after reading virus lengths)

====> Bench...

Starting to read sample FASTQ file
Starting to read signature FASTA file
Read 2020 samples and 500 signatures.
Starting timing and matching...
runMatcher completed.
sample_1729519055592067_1: signature_1729519054786918_57 (25.433)
sample_1729519055592067_2: signature_1729519054786918_447 (10.063)
sample_1729519055592067_5: signature_1729519054786918_182 (21.684)
sample_1729519055592067_5: signature_1729519054786918_291 (21.552)
sample_1729519055592067_7: signature_1729519054786918_437 (14.370)
sample_1729519055592067_11: signature_1729519054786918_195 (14.454)
sample_1729519055592067_11: signature_1729519054786918_283 (14.495)
sample_1729519055592067_16: signature_1729519054786918_80 (22.406)
sample_1729519055592067_19: signature_1729519054786918_60 (22.445)
sample_1729519055592067_20: signature_1729519054786918_26 (12.683)
sample_1729519055592067_21: signature_1729519054786918_465 (10.120)
sample_1729519055592067_23: signature_1729519054786918_197 (19.811)
sample_1729519055592067_24: signature_1729519054786918_488 (15.320)
sample_1729519055592067_25: signature_1729519054786918_108 (12.737)
sample_1729519055592067_27: signature_1729519054786918_183 (11.958)
sample_1729519055592067_29: signature_1729519054786918_203 (14.324)
sample_1729519055592067_30: signature_1729519054786918_18 (14.446)
sample_1729519055592067_31: signature_1729519054786918_167 (19.798)
sample_1729519055592067_32: signature_1729519054786918_130 (15.313)
sample_1729519055592067_32: signature_1729519054786918_445 (15.327)
sample_1729519055592067_38: signature_1729519054786918_482 (21.533)
sample_1729519055592067_44: signature_1729519054786918_390 (14.494)
sample_1729519055592067_45: signature_1729519054786918_358 (15.403)
(FOR AUTOMATED CHECKING) Total runMatcher time:6.86592s

====> shared_mod...

Starting to read sample FASTQ file
Starting to read signature FASTA file
Read 2020 samples and 500 signatures.
Starting timing and matching...
runMatcher completed.
sample_1729519055592067_1: signature_1729519054786918_57 (25.433)
sample_1729519055592067_2: signature_1729519054786918_447 (10.063)
sample_1729519055592067_5: signature_1729519054786918_182 (21.684)
sample_1729519055592067_5: signature_1729519054786918_291 (21.552)
sample_1729519055592067_7: signature_1729519054786918_437 (14.370)
sample_1729519055592067_11: signature_1729519054786918_195 (14.454)
sample_1729519055592067_11: signature_1729519054786918_283 (14.495)
sample_1729519055592067_16: signature_1729519054786918_80 (22.406)
sample_1729519055592067_19: signature_1729519054786918_60 (22.445)
sample_1729519055592067_20: signature_1729519054786918_26 (12.683)
sample_1729519055592067_21: signature_1729519054786918_465 (10.120)
sample_1729519055592067_23: signature_1729519054786918_197 (19.811)
sample_1729519055592067_24: signature_1729519054786918_488 (15.320)
sample_1729519055592067_25: signature_1729519054786918_108 (12.737)
sample_1729519055592067_27: signature_1729519054786918_183 (11.958)
sample_1729519055592067_29: signature_1729519054786918_203 (14.324)
sample_1729519055592067_30: signature_1729519054786918_18 (14.446)
sample_1729519055592067_31: signature_1729519054786918_167 (19.798)
sample_1729519055592067_32: signature_1729519054786918_130 (15.313)
sample_1729519055592067_32: signature_1729519054786918_445 (15.327)
sample_1729519055592067_38: signature_1729519054786918_482 (21.533)
sample_1729519055592067_44: signature_1729519054786918_390 (14.494)
sample_1729519055592067_45: signature_1729519054786918_358 (15.403)
(FOR AUTOMATED CHECKING) Total runMatcher time:3.57305s

====> Finished...

